------Start of DE processing------ = [26.10.2022, 01:30:35:739 CEST]
Exception = java.lang.IllegalStateException
Source = com.ibm.ws.webcontainer.filter.WebAppFilterManager.invokeFilters
probeid = 1105
Stack Dump = java.lang.IllegalStateException: Response already committed.
	at com.ibm.ws.webcontainer.webapp.WebAppDispatcherContext.sendError(WebAppDispatcherContext.java:612)
	at com.ibm.ws.webcontainer.webapp.WebAppDispatcherContext.sendError(WebAppDispatcherContext.java:657)
	at com.ibm.ws.webcontainer.srt.SRTServletResponse.sendError(SRTServletResponse.java:1340)
	at com.ibm.ws.webcontainer.srt.SRTServletResponse.sendError(SRTServletResponse.java:1316)
	at servlet.TypeServlet.getType(TypeServlet.java:119)
	at servlet.TypeServlet.doGet(TypeServlet.java:62)
	at javax.servlet.http.HttpServlet.service(HttpServlet.java:686)
	at javax.servlet.http.HttpServlet.service(HttpServlet.java:791)
	at com.ibm.ws.webcontainer.servlet.ServletWrapper.service(ServletWrapper.java:1258)
	at com.ibm.ws.webcontainer.servlet.ServletWrapper.handleRequest(ServletWrapper.java:746)
	at com.ibm.ws.webcontainer.servlet.ServletWrapper.handleRequest(ServletWrapper.java:443)
	at com.ibm.ws.webcontainer.filter.WebAppFilterManager.invokeFilters(WebAppFilterManager.java:1227)
	at com.ibm.ws.webcontainer.filter.WebAppFilterManager.invokeFilters(WebAppFilterManager.java:1011)
	at com.ibm.ws.webcontainer.servlet.CacheServletWrapper.handleRequest(CacheServletWrapper.java:75)
	at com.ibm.ws.webcontainer40.servlet.CacheServletWrapper40.handleRequest(CacheServletWrapper40.java:85)
	at com.ibm.ws.webcontainer.WebContainer.handleRequest(WebContainer.java:938)
	at com.ibm.ws.webcontainer.osgi.DynamicVirtualHost$2.run(DynamicVirtualHost.java:281)
	at com.ibm.ws.http.dispatcher.internal.channel.HttpDispatcherLink$TaskWrapper.run(HttpDispatcherLink.java:1246)
	at com.ibm.ws.http.dispatcher.internal.channel.HttpDispatcherLink.wrapHandlerAndExecute(HttpDispatcherLink.java:468)
	at com.ibm.ws.http.dispatcher.internal.channel.HttpDispatcherLink.ready(HttpDispatcherLink.java:427)
	at com.ibm.ws.http.channel.internal.inbound.HttpInboundLink.handleDiscrimination(HttpInboundLink.java:567)
	at com.ibm.ws.http.channel.internal.inbound.HttpInboundLink.handleNewRequest(HttpInboundLink.java:501)
	at com.ibm.ws.http.channel.internal.inbound.HttpInboundLink.processRequest(HttpInboundLink.java:361)
	at com.ibm.ws.http.channel.internal.inbound.HttpICLReadCallback.complete(HttpICLReadCallback.java:70)
	at com.ibm.ws.tcpchannel.internal.WorkQueueManager.requestComplete(WorkQueueManager.java:514)
	at com.ibm.ws.tcpchannel.internal.WorkQueueManager.attemptIO(WorkQueueManager.java:584)
	at com.ibm.ws.tcpchannel.internal.WorkQueueManager.workerRun(WorkQueueManager.java:968)
	at com.ibm.ws.tcpchannel.internal.WorkQueueManager$Worker.run(WorkQueueManager.java:1057)
	at com.ibm.ws.threading.internal.ExecutorServiceImpl$RunnableWrapper.run(ExecutorServiceImpl.java:245)
	at java.base/java.util.concurrent.ThreadPoolExecutor.runWorker(ThreadPoolExecutor.java:1130)
	at java.base/java.util.concurrent.ThreadPoolExecutor$Worker.run(ThreadPoolExecutor.java:630)
	at java.base/java.lang.Thread.run(Thread.java:832)

Dump of callerThis
Object type = com.ibm.ws.webcontainer.osgi.filter.WebAppFilterManagerImpl
  _filterWrappers = class java.util.Hashtable@46af9883
    table = "/* Could not access table */"
    count = "/* Could not access count */"
    threshold = "/* Could not access threshold */"
    loadFactor = "/* Could not access loadFactor */"
    modCount = "/* Could not access modCount */"
    serialVersionUID = "/* Could not access serialVersionUID */"
    MAX_ARRAY_SIZE = "/* Could not access MAX_ARRAY_SIZE */"
    keySet = "/* Could not access keySet */"
    entrySet = "/* Could not access entrySet */"
    values = "/* Could not access values */"
    KEYS = "/* Could not access KEYS */"
    VALUES = "/* Could not access VALUES */"
    ENTRIES = "/* Could not access ENTRIES */"
  chainCache = class java.util.Collections$SynchronizedMap@6365f4aa
    serialVersionUID = "/* Could not access serialVersionUID */"
    m = "/* Could not access m */"
    mutex = "/* Could not access mutex */"
    keySet = "/* Could not access keySet */"
    entrySet = "/* Could not access entrySet */"
    values = "/* Could not access values */"
  forwardChainCache = class java.util.Collections$SynchronizedMap@1de2062a
    serialVersionUID = "/* Could not access serialVersionUID */"
    m = "/* Could not access m */"
    mutex = "/* Could not access mutex */"
    keySet = "/* Could not access keySet */"
    entrySet = "/* Could not access entrySet */"
    values = "/* Could not access values */"
  includeChainCache = class java.util.Collections$SynchronizedMap@47203f6e
    serialVersionUID = "/* Could not access serialVersionUID */"
    m = "/* Could not access m */"
    mutex = "/* Could not access mutex */"
    keySet = "/* Could not access keySet */"
    entrySet = "/* Could not access entrySet */"
    values = "/* Could not access values */"
  errorChainCache = class java.util.Collections$SynchronizedMap@7d71dc89
    serialVersionUID = "/* Could not access serialVersionUID */"
    m = "/* Could not access m */"
    mutex = "/* Could not access mutex */"
    keySet = "/* Could not access keySet */"
    entrySet = "/* Could not access entrySet */"
    values = "/* Could not access values */"
  _filtersDefined = false
  FMI_MAPPING_SINGLE_SLASH = 0
  FMI_MAPPING_PATH_MATCH = 1
  FMI_MAPPING_EXTENSION_MATCH = 2
  FMI_MAPPING_EXACT_MATCH = 3
  logger = class com.ibm.ws.logging.internal.WsLogger@7abea7cf
    ivCachedResourceBundleName = null
    ivCachedResourceBundle = null
    ivComponent = null
    ivOrganization = null
    ivProduct = null
    ivMinimumLocalizationLevelIntValue = 625
    ivTC = class com.ibm.websphere.ras.TraceComponent@42222872
      strings[0] = "TraceComponent[com.ibm.ws.webcontainer.filter,class com.ibm.wsspi.webcontainer.logging.LoggerFactory$1,[com.ibm.ws.webcontainer.filter],null,null]"
    loggerRegistrationComponent = class java.lang.ThreadLocal@3e4cab95
      threadLocalHashCode = "/* Could not access threadLocalHashCode */"
      nextHashCode = "/* Could not access nextHashCode */"
      HASH_INCREMENT = "/* Could not access HASH_INCREMENT */"
    emptyHandlers = "/* Could not access emptyHandlers */"
    offValue = "/* Could not access offValue */"
    SYSTEM_LOGGER_RB_NAME = "/* Could not access SYSTEM_LOGGER_RB_NAME */"
    SYSTEM_BUNDLE = "/* Could not access SYSTEM_BUNDLE */"
    NO_RESOURCE_BUNDLE = "/* Could not access NO_RESOURCE_BUNDLE */"
    config = "/* Could not access config */"
    manager = "/* Could not access manager */"
    name = "/* Could not access name */"
    loggerBundle = "/* Could not access loggerBundle */"
    anonymous = "/* Could not access anonymous */"
    catalogRef = "/* Could not access catalogRef */"
    catalogName = "/* Could not access catalogName */"
    catalogLocale = "/* Could not access catalogLocale */"
    treeLock = "/* Could not access treeLock */"
    parent = "/* Could not access parent */"
    kids = "/* Could not access kids */"
    callerModuleRef = "/* Could not access callerModuleRef */"
    isSystemLogger = "/* Could not access isSystemLogger */"
    GLOBAL_LOGGER_NAME = "global"
    global = class java.util.logging.Logger@2ce9bb5e
      emptyHandlers = "/* Could not access emptyHandlers */"
      offValue = "/* Could not access offValue */"
      SYSTEM_LOGGER_RB_NAME = "/* Could not access SYSTEM_LOGGER_RB_NAME */"
      SYSTEM_BUNDLE = "/* Could not access SYSTEM_BUNDLE */"
      NO_RESOURCE_BUNDLE = "/* Could not access NO_RESOURCE_BUNDLE */"
      config = "/* Could not access config */"
      manager = "/* Could not access manager */"
      name = "/* Could not access name */"
      loggerBundle = "/* Could not access loggerBundle */"
      anonymous = "/* Could not access anonymous */"
      catalogRef = "/* Could not access catalogRef */"
      catalogName = "/* Could not access catalogName */"
      catalogLocale = "/* Could not access catalogLocale */"
      treeLock = "/* Could not access treeLock */"
      parent = "/* Could not access parent */"
      kids = "/* Could not access kids */"
      callerModuleRef = "/* Could not access callerModuleRef */"
      isSystemLogger = "/* Could not access isSystemLogger */"
      GLOBAL_LOGGER_NAME = "global"
      global = class java.util.logging.Logger@2ce9bb5e
  CLASS_NAME = "com.ibm.ws.webcontainer.filter.WebAppFilterManager"
  nls = class com.ibm.ejs.ras.TraceNLS@9d8a985
    resolver = class com.ibm.ws.logging.internal.TraceNLSResolver@180af988
      tc = class com.ibm.websphere.ras.TraceComponent@6fd02e5
      DEBUG_TRACE_NLS_PROPERTY = "com.ibm.ejs.ras.debugTraceNLSResolver"
      debugTraceNLSResolver = false
      makeNoise = false
      nullKey = "null"
      svNullBundleName = "Resource Bundle name is null, key = {0}"
      svBundleNotLoaded = "Unable to load ResourceBundle {0}"
      svNullKeyMessage = "Null key passed while using ResourceBundle {0}"
      svMalformedMessage = "No message text associated with key {0} in bundle {1}"
    finder = null
    ivBundleName = "com.ibm.ws.webcontainer.resources.Messages"
    caller = class java.lang.Class@4e4471ad
      ANNOTATION = "/* Could not access ANNOTATION */"
      ENUM = "/* Could not access ENUM */"
      SYNTHETIC = "/* Could not access SYNTHETIC */"
      EMPTY_CLASS_DESC_ARRAY = "/* Could not access EMPTY_CLASS_DESC_ARRAY */"
      cachedConstructor = "/* Could not access cachedConstructor */"
      name = "/* Could not access name */"
      module = "/* Could not access module */"
      packageName = "/* Could not access packageName */"
      componentType = "/* Could not access componentType */"
      allPermDomain = "/* Could not access allPermDomain */"
      reflectionData = "/* Could not access reflectionData */"
      classRedefinedCount = "/* Could not access classRedefinedCount */"
      genericInfo = "/* Could not access genericInfo */"
      EMPTY_CLASS_ARRAY = "/* Could not access EMPTY_CLASS_ARRAY */"
      serialVersionUID = "/* Could not access serialVersionUID */"
      serialPersistentFields = "/* Could not access serialPersistentFields */"
      JAVA_LANG_RECORD_CLASS = "/* Could not access JAVA_LANG_RECORD_CLASS */"
      reflectionFactory = "/* Could not access reflectionFactory */"
      enumConstants = "/* Could not access enumConstants */"
      enumConstantDirectory = "/* Could not access enumConstantDirectory */"
      annotationData = "/* Could not access annotationData */"
      annotationType = "/* Could not access annotationType */"
      classValueMap = "/* Could not access classValueMap */"
  webAppConfig = class com.ibm.ws.webcontainer.osgi.webapp.WebAppConfiguration@55400368
    webModuleMetaData = class com.ibm.ws.webcontainer.osgi.metadata.WebModuleMetaDataImpl@34dd0396
      applicationMetaData = class com.ibm.ws.container.service.app.deploy.internal.ApplicationMetaDataImpl@5066c9e5
      j2eeName = class com.ibm.ws.container.service.metadata.internal.J2EENameImpl@15151fc0
      wccmd = class com.ibm.ws.webcontainer.osgi.metadata.WebCollaboratorComponentMetaDataImpl@33194f8
      securityMetaData = null
      annotatedSecurityMetaData = null
      webAppConfig = class com.ibm.ws.webcontainer.osgi.webapp.WebAppConfiguration@55400368
      _isServlet23OrHigher = false
      jspComponentMetaData = null
      sessionCookieNameInUse = null
      mBeanServiceReg = null
      tc = class com.ibm.websphere.ras.TraceComponent@b1c83f2
      NUM_STATIC_SLOTS = 4
      ID_UNINITIALIZED = -1
      id = 0
      metaDataInterface = class java.lang.Class@4dc83e7d
      staticSlots = class java.lang.Object[4]
      dynamicSlots = null
    webComponentMetaData = class com.ibm.ws.webcontainer.osgi.metadata.WebComponentMetaDataImpl@39e8b2e2
    dVirtualHost = class com.ibm.ws.webcontainer.osgi.DynamicVirtualHost@e7629b4
      tc = class com.ibm.websphere.ras.TraceComponent@60782e54
      CLASS_NAME = "com.ibm.ws.webcontainer.osgi.DynamicVirtualHost"
      webContainerParent = class com.ibm.ws.webcontainer.osgi.WebContainer@c81d670
      dhostConfig = class com.ibm.ws.webcontainer.osgi.DynamicVirtualHostConfiguration@3088c902
      predefinedMatcher = null
      normalizeRequestURI = false
      logger = class com.ibm.ws.logging.internal.WsLogger@6567f74b
      CLASS_NAME = "com.ibm.ws.webcontainer.VirtualHost"
      vHostConfig = class com.ibm.ws.webcontainer.osgi.DynamicVirtualHostConfiguration@3088c902
      commands = class java.util.ArrayList@7620fb3e
      requestMapper = class com.ibm.wsspi.webcontainer.util.URIMapper@749091dc
      parent = class com.ibm.ws.webcontainer.osgi.WebContainer@c81d670
      name = "default_host"
      isAlive = true
      subElements = class java.util.HashMap@2a69695
      attributes = null
      config = null
      serialVersionUID = -8271459000149267764
      $$$tc$$$ = class com.ibm.websphere.ras.TraceComponent@3acbc06b
    orderedLibPaths = class java.util.Collections$UnmodifiableRandomAccessList@69a36bc3
    bundleHeaders = null
    cdiEnabled = true
    CLASS_NAME = "com.ibm.ws.webcontainer.webapp.WebAppConfiguration"
    logger = class com.ibm.ws.logging.internal.WsLogger@6b364c28
    tc = class com.ibm.websphere.ras.TraceComponent@59ef3af
      strings[0] = "TraceComponent[com.ibm.ws.webcontainer.webapp.WebAppConfiguration,class com.ibm.ws.webcontainer.webapp.WebAppConfiguration,[webcontainer],com.ibm.ws.webcontainer.resources.LShimMessages,null]"
    nls = class com.ibm.ejs.ras.TraceNLS@200bfc4
      resolver = class com.ibm.ws.logging.internal.TraceNLSResolver@180af988
      finder = null
      ivBundleName = "com.ibm.ws.webcontainer.resources.Messages"
      caller = class java.lang.Class@7ce070b5
    version = 31
    contextRoot = "/pokedex"
    isDefaultContextRootUsed = false
    sessionTimeout = 0
    moduleSessionTimeoutSet = false
    moduleSessionTrackingModeSet = false
    sessionCookieConfig = class com.ibm.ws.session.SessionCookieConfigImpl@6c05fd83
      methodClassName = "SessionCookieConfigImpl"
      comment = ""
      maxAgeSet = false
      name = "JSESSIONID"
      httpOnlySet = false
      secureSet = false
      contextInitialized = true
      programmaticChange = false
      EXTERNALCALL = true
      DOMAIN = "Domain"
      MAX_AGE = "Max-Age"
      PATH = "Path"
      SECURE = "Secure"
      HTTPONLY = "HttpOnly"
      attributes = class java.util.TreeMap@7ae5b8ea
      nls = class com.ibm.ejs.ras.TraceNLS@21f759f7
    hasProgrammaticCookieConfig = false
    sessionDefaultTrackingModeSet = class java.util.RegularEnumSet@14b5212d
      serialVersionUID = "/* Could not access serialVersionUID */"
      elements = "/* Could not access elements */"
      serialVersionUID = "/* Could not access serialVersionUID */"
      elementType = "/* Could not access elementType */"
      universe = "/* Could not access universe */"
    sessionManagerConfig = class com.ibm.ws.session.SessionManagerConfig@48a8519e
      methodClassName = "SessionManagerConfig"
      usingWebContainerSM = true
      useContextRootForSessionCookiePath = false
      usingMemory = true
      usingDatabase = false
      usingJCache = false
      usingMemToMem = false
      enableUrlProtocolSwitchRewriting = false
      dcookieName = "SSLJSESSION"
      sipSessionCookieName = "ibmappid"
      inMemorySize = 1000
      enableOverflow = true
      sessionInvalidationTime = 1800
      integrateSec = true
      throwSecurityExceptionOnGetSessionFalse = true
      invalidateOnUnauthorizedSessionRequestException = false
      allowSerializedSessionAccess = false
      serializedSessionAccessMaxWaitTime = 0
      accessSessionOnTimeout = true
      JNDIDataSourceName = "jdbc/sample"
      sessionDBID = null
      sessionDBPWD = null
      rowSize = 4
      tableSpaceName = null
      usingMultirow = false
      rowSizeLimit = 2
      drsSettings = null
      enableEOSWrite = true
      enableManualWrite = false
      enableTimeBasedWrite = false
      mPropertyWriterInterval = 120
      writeAllProperties = false
      writeGetAndSetAttributes = false
      scheduledInvalidation = false
      firstHour = 0
      secondHour = 0
      is_zOS = false
      serverId = "7c9a8148-aa99-4df6-8647-2eb742c28fe8"
      cloneId = "7c9a8148-aa99-4df6-8647-2eb742c28fe8"
      sacKey = "DEFAULT_SAC_KEY"
      cacheSeparator = %
      cloneSeparator = :
      debugSessionCrossover = false
      cloneIdPropertySet = false
      expectedCloneIdsPropertySet = false
      expectedCloneIds = null
      idReuse = false
      reaperPollInterval = 158
      turnOffCacheId = false
      turnOffCloneId = false
      noAffinitySwitchBack = false
      maxSessionIdentifierLength = 1024
      sessUrlRewritePrefix = ";jsessionid="
      tableNameValue = null
      checkRecentlyInvalidList = true
      modifyActiveCountOnInvalidatedSession = true
      useOracleBlob = false
      usingCustomSchemaName = false
      trackGCCount = false
      hideSessionValues = true
      hideSessionValuesPropertySet = false
      doRemoteInvalidations = true
      zosBaseServerReplication = false
      servlet21SessionCompat = false
      cacheIdLength = 0
      sessionIDLength = 23
      trackingModes = class java.util.RegularEnumSet@6331828d
      privateSessionCookieName = "JSESSIONID"
      privateSessionCookieComment = ""
      privateSessionCookieDomain = ""
      privateSessionCookieMaxAge = -1
      privateSessionCookiePath = "/"
      privateSessionCookieSecure = false
      privateSessionCookieHttpOnly = true
      cookieConfig = class com.ibm.ws.session.SessionCookieConfigImpl@6c05fd83
      SIPConvergedHttpPort = 80
      SIPConvergedHttpsPort = 443
      SIPConvergedHostName = "localhost"
      optimizeCacheIdIncrements = false
      alwaysEncodeURL = false
      checkSessionCookieNameOnEncodeURL = false
      onlyCheckInCacheDuringPreInvoke = false
      enableHotFailover = true
      forceSessionInvalidationMultiple = 3
      persistSessionAfterPassivation = false
      usingApplicationSessionsAndInvalidateAll = false
      usingApplicationSessionsAlwaysRetrieve = false
      forceSessionIdLengthCheck = false
      securityUserIgnoreCase = false
      sessionTableSkipIndexCreation = false
      checkSessionNewOnIsValidRequest = true
      delayInvalidationAlarmDuringServerStartup = 5
      useSeparateSessionInvalidatorThreadPool = true
      connectionRetryCount = 2
      sessionCookieSameSite = class com.ibm.ws.session.SameSiteCookie@4ba20302
    displayName = "Pokedex-1.0"
    description = null
    reloadInterval = 0
    distributable = false
    denyUncoveredHttpMethods = false
    reloadingEnabled = false
    serveServletsByClassnameEnabled = false
    defaultErrorPage = null
    additionalClassPath = null
    fileServingEnabled = null
    directoryBrowsingEnabled = false
    autoRequestEncoding = false
    autoResponseEncoding = false
    autoLoadFilters = false
    requestListeners = null
    requestAttributeListeners = null
    sessionListeners = null
    localeMap = null
    moduleName = "Pokedex-1.0"
    j2eeModuleName = "Pokedex-1.0.war"
    moduleId = null
    isSyncToThreadEnabled = false
    encodeDispatchedRequestURI = false
    isSystemApp = false
    ardEnabled = false
    ardDispatchType = null
    listeners = class java.util.ArrayList@4f5129d0
      serialVersionUID = "/* Could not access serialVersionUID */"
      DEFAULT_CAPACITY = "/* Could not access DEFAULT_CAPACITY */"
      EMPTY_ELEMENTDATA = "/* Could not access EMPTY_ELEMENTDATA */"
      DEFAULTCAPACITY_EMPTY_ELEMENTDATA = "/* Could not access DEFAULTCAPACITY_EMPTY_ELEMENTDATA */"
      elementData = "/* Could not access elementData */"
      size = "/* Could not access size */"
      modCount = "/* Could not access modCount */"
    welcomeFileList = class java.util.ArrayList@cfb3c5c
      serialVersionUID = "/* Could not access serialVersionUID */"
      DEFAULT_CAPACITY = "/* Could not access DEFAULT_CAPACITY */"
      EMPTY_ELEMENTDATA = "/* Could not access EMPTY_ELEMENTDATA */"
      DEFAULTCAPACITY_EMPTY_ELEMENTDATA = "/* Could not access DEFAULTCAPACITY_EMPTY_ELEMENTDATA */"
      elementData = "/* Could not access elementData */"
      size = "/* Could not access size */"
      modCount = "/* Could not access modCount */"
    servletMappings = class java.util.HashMap@31fad8a7
      serialVersionUID = "/* Could not access serialVersionUID */"
      DEFAULT_INITIAL_CAPACITY = "/* Could not access DEFAULT_INITIAL_CAPACITY */"
      MAXIMUM_CAPACITY = "/* Could not access MAXIMUM_CAPACITY */"
      DEFAULT_LOAD_FACTOR = "/* Could not access DEFAULT_LOAD_FACTOR */"
      TREEIFY_THRESHOLD = "/* Could not access TREEIFY_THRESHOLD */"
      UNTREEIFY_THRESHOLD = "/* Could not access UNTREEIFY_THRESHOLD */"
      MIN_TREEIFY_CAPACITY = "/* Could not access MIN_TREEIFY_CAPACITY */"
      table = "/* Could not access table */"
      entrySet = "/* Could not access entrySet */"
      size = "/* Could not access size */"
      modCount = "/* Could not access modCount */"
      threshold = "/* Could not access threshold */"
      loadFactor = "/* Could not access loadFactor */"
      keySet = "/* Could not access keySet */"
      values = "/* Could not access values */"
    lastIndexBeforeDeclaredFilters = 0
    filterMappings = class java.util.ArrayList@3b545ba7
      serialVersionUID = "/* Could not access serialVersionUID */"
      DEFAULT_CAPACITY = "/* Could not access DEFAULT_CAPACITY */"
      EMPTY_ELEMENTDATA = "/* Could not access EMPTY_ELEMENTDATA */"
      DEFAULTCAPACITY_EMPTY_ELEMENTDATA = "/* Could not access DEFAULTCAPACITY_EMPTY_ELEMENTDATA */"
      elementData = "/* Could not access elementData */"
      size = "/* Could not access size */"
      modCount = "/* Could not access modCount */"
    servletInfo = class java.util.concurrent.ConcurrentHashMap@7d0dfab4
      serialVersionUID = "/* Could not access serialVersionUID */"
      MAXIMUM_CAPACITY = "/* Could not access MAXIMUM_CAPACITY */"
      DEFAULT_CAPACITY = "/* Could not access DEFAULT_CAPACITY */"
      MAX_ARRAY_SIZE = "/* Could not access MAX_ARRAY_SIZE */"
      DEFAULT_CONCURRENCY_LEVEL = "/* Could not access DEFAULT_CONCURRENCY_LEVEL */"
      LOAD_FACTOR = "/* Could not access LOAD_FACTOR */"
      TREEIFY_THRESHOLD = "/* Could not access TREEIFY_THRESHOLD */"
      UNTREEIFY_THRESHOLD = "/* Could not access UNTREEIFY_THRESHOLD */"
      MIN_TREEIFY_CAPACITY = "/* Could not access MIN_TREEIFY_CAPACITY */"
      MIN_TRANSFER_STRIDE = "/* Could not access MIN_TRANSFER_STRIDE */"
      RESIZE_STAMP_BITS = "/* Could not access RESIZE_STAMP_BITS */"
      MAX_RESIZERS = "/* Could not access MAX_RESIZERS */"
      RESIZE_STAMP_SHIFT = "/* Could not access RESIZE_STAMP_SHIFT */"
      MOVED = "/* Could not access MOVED */"
      TREEBIN = "/* Could not access TREEBIN */"
      RESERVED = "/* Could not access RESERVED */"
      HASH_BITS = "/* Could not access HASH_BITS */"
      NCPU = "/* Could not access NCPU */"
      serialPersistentFields = "/* Could not access serialPersistentFields */"
      table = "/* Could not access table */"
      nextTable = "/* Could not access nextTable */"
      baseCount = "/* Could not access baseCount */"
      sizeCtl = "/* Could not access sizeCtl */"
      transferIndex = "/* Could not access transferIndex */"
      cellsBusy = "/* Could not access cellsBusy */"
      counterCells = "/* Could not access counterCells */"
      keySet = "/* Could not access keySet */"
      values = "/* Could not access values */"
      entrySet = "/* Could not access entrySet */"
      U = "/* Could not access U */"
      SIZECTL = "/* Could not access SIZECTL */"
      TRANSFERINDEX = "/* Could not access TRANSFERINDEX */"
      BASECOUNT = "/* Could not access BASECOUNT */"
      CELLSBUSY = "/* Could not access CELLSBUSY */"
      CELLVALUE = "/* Could not access CELLVALUE */"
      ABASE = "/* Could not access ABASE */"
      ASHIFT = "/* Could not access ASHIFT */"
      keySet = "/* Could not access keySet */"
      values = "/* Could not access values */"
    filterInfo = class java.util.HashMap@28412095
      serialVersionUID = "/* Could not access serialVersionUID */"
      DEFAULT_INITIAL_CAPACITY = "/* Could not access DEFAULT_INITIAL_CAPACITY */"
      MAXIMUM_CAPACITY = "/* Could not access MAXIMUM_CAPACITY */"
      DEFAULT_LOAD_FACTOR = "/* Could not access DEFAULT_LOAD_FACTOR */"
      TREEIFY_THRESHOLD = "/* Could not access TREEIFY_THRESHOLD */"
      UNTREEIFY_THRESHOLD = "/* Could not access UNTREEIFY_THRESHOLD */"
      MIN_TREEIFY_CAPACITY = "/* Could not access MIN_TREEIFY_CAPACITY */"
      table = "/* Could not access table */"
      entrySet = "/* Could not access entrySet */"
      size = "/* Could not access size */"
      modCount = "/* Could not access modCount */"
      threshold = "/* Could not access threshold */"
      loadFactor = "/* Could not access loadFactor */"
      keySet = "/* Could not access keySet */"
      values = "/* Could not access values */"
    mimeMappings = class java.util.HashMap@4f99eada
      serialVersionUID = "/* Could not access serialVersionUID */"
      DEFAULT_INITIAL_CAPACITY = "/* Could not access DEFAULT_INITIAL_CAPACITY */"
      MAXIMUM_CAPACITY = "/* Could not access MAXIMUM_CAPACITY */"
      DEFAULT_LOAD_FACTOR = "/* Could not access DEFAULT_LOAD_FACTOR */"
      TREEIFY_THRESHOLD = "/* Could not access TREEIFY_THRESHOLD */"
      UNTREEIFY_THRESHOLD = "/* Could not access UNTREEIFY_THRESHOLD */"
      MIN_TREEIFY_CAPACITY = "/* Could not access MIN_TREEIFY_CAPACITY */"
      table = "/* Could not access table */"
      entrySet = "/* Could not access entrySet */"
      size = "/* Could not access size */"
      modCount = "/* Could not access modCount */"
      threshold = "/* Could not access threshold */"
      loadFactor = "/* Could not access loadFactor */"
      keySet = "/* Could not access keySet */"
      values = "/* Could not access values */"
    mimeFilters = null
    isMimeFilteringEnabled = false
    theWebGroup = null
    jspAttributes = class java.util.HashMap@560909ed
      serialVersionUID = "/* Could not access serialVersionUID */"
      DEFAULT_INITIAL_CAPACITY = "/* Could not access DEFAULT_INITIAL_CAPACITY */"
      MAXIMUM_CAPACITY = "/* Could not access MAXIMUM_CAPACITY */"
      DEFAULT_LOAD_FACTOR = "/* Could not access DEFAULT_LOAD_FACTOR */"
      TREEIFY_THRESHOLD = "/* Could not access TREEIFY_THRESHOLD */"
      UNTREEIFY_THRESHOLD = "/* Could not access UNTREEIFY_THRESHOLD */"
      MIN_TREEIFY_CAPACITY = "/* Could not access MIN_TREEIFY_CAPACITY */"
      table = "/* Could not access table */"
      entrySet = "/* Could not access entrySet */"
      size = "/* Could not access size */"
      modCount = "/* Could not access modCount */"
      threshold = "/* Could not access threshold */"
      loadFactor = "/* Could not access loadFactor */"
      keySet = "/* Could not access keySet */"
      values = "/* Could not access values */"
    fileServingAttributes = class java.util.HashMap@444381c2
      serialVersionUID = "/* Could not access serialVersionUID */"
      DEFAULT_INITIAL_CAPACITY = "/* Could not access DEFAULT_INITIAL_CAPACITY */"
      MAXIMUM_CAPACITY = "/* Could not access MAXIMUM_CAPACITY */"
      DEFAULT_LOAD_FACTOR = "/* Could not access DEFAULT_LOAD_FACTOR */"
      TREEIFY_THRESHOLD = "/* Could not access TREEIFY_THRESHOLD */"
      UNTREEIFY_THRESHOLD = "/* Could not access UNTREEIFY_THRESHOLD */"
      MIN_TREEIFY_CAPACITY = "/* Could not access MIN_TREEIFY_CAPACITY */"
      table = "/* Could not access table */"
      entrySet = "/* Could not access entrySet */"
      size = "/* Could not access size */"
      modCount = "/* Could not access modCount */"
      threshold = "/* Could not access threshold */"
      loadFactor = "/* Could not access loadFactor */"
      keySet = "/* Could not access keySet */"
      values = "/* Could not access values */"
    invokerAttributes = class java.util.HashMap@65a75457
      serialVersionUID = "/* Could not access serialVersionUID */"
      DEFAULT_INITIAL_CAPACITY = "/* Could not access DEFAULT_INITIAL_CAPACITY */"
      MAXIMUM_CAPACITY = "/* Could not access MAXIMUM_CAPACITY */"
      DEFAULT_LOAD_FACTOR = "/* Could not access DEFAULT_LOAD_FACTOR */"
      TREEIFY_THRESHOLD = "/* Could not access TREEIFY_THRESHOLD */"
      UNTREEIFY_THRESHOLD = "/* Could not access UNTREEIFY_THRESHOLD */"
      MIN_TREEIFY_CAPACITY = "/* Could not access MIN_TREEIFY_CAPACITY */"
      table = "/* Could not access table */"
      entrySet = "/* Could not access entrySet */"
      size = "/* Could not access size */"
      modCount = "/* Could not access modCount */"
      threshold = "/* Could not access threshold */"
      loadFactor = "/* Could not access loadFactor */"
      keySet = "/* Could not access keySet */"
      values = "/* Could not access values */"
    contextParams = class java.util.HashMap@65e8ad03
      serialVersionUID = "/* Could not access serialVersionUID */"
      DEFAULT_INITIAL_CAPACITY = "/* Could not access DEFAULT_INITIAL_CAPACITY */"
      MAXIMUM_CAPACITY = "/* Could not access MAXIMUM_CAPACITY */"
      DEFAULT_LOAD_FACTOR = "/* Could not access DEFAULT_LOAD_FACTOR */"
      TREEIFY_THRESHOLD = "/* Could not access TREEIFY_THRESHOLD */"
      UNTREEIFY_THRESHOLD = "/* Could not access UNTREEIFY_THRESHOLD */"
      MIN_TREEIFY_CAPACITY = "/* Could not access MIN_TREEIFY_CAPACITY */"
      table = "/* Could not access table */"
      entrySet = "/* Could not access entrySet */"
      size = "/* Could not access size */"
      modCount = "/* Could not access modCount */"
      threshold = "/* Could not access threshold */"
      loadFactor = "/* Could not access loadFactor */"
      keySet = "/* Could not access keySet */"
      values = "/* Could not access values */"
    virtualHost = "default_host"
    exceptionErrorPages = class java.util.HashMap@7bb09632
      serialVersionUID = "/* Could not access serialVersionUID */"
      DEFAULT_INITIAL_CAPACITY = "/* Could not access DEFAULT_INITIAL_CAPACITY */"
      MAXIMUM_CAPACITY = "/* Could not access MAXIMUM_CAPACITY */"
      DEFAULT_LOAD_FACTOR = "/* Could not access DEFAULT_LOAD_FACTOR */"
      TREEIFY_THRESHOLD = "/* Could not access TREEIFY_THRESHOLD */"
      UNTREEIFY_THRESHOLD = "/* Could not access UNTREEIFY_THRESHOLD */"
      MIN_TREEIFY_CAPACITY = "/* Could not access MIN_TREEIFY_CAPACITY */"
      table = "/* Could not access table */"
      entrySet = "/* Could not access entrySet */"
      size = "/* Could not access size */"
      modCount = "/* Could not access modCount */"
      threshold = "/* Could not access threshold */"
      loadFactor = "/* Could not access loadFactor */"
      keySet = "/* Could not access keySet */"
      values = "/* Could not access values */"
    codeErrorPages = class java.util.HashMap@23255517
      serialVersionUID = "/* Could not access serialVersionUID */"
      DEFAULT_INITIAL_CAPACITY = "/* Could not access DEFAULT_INITIAL_CAPACITY */"
      MAXIMUM_CAPACITY = "/* Could not access MAXIMUM_CAPACITY */"
      DEFAULT_LOAD_FACTOR = "/* Could not access DEFAULT_LOAD_FACTOR */"
      TREEIFY_THRESHOLD = "/* Could not access TREEIFY_THRESHOLD */"
      UNTREEIFY_THRESHOLD = "/* Could not access UNTREEIFY_THRESHOLD */"
      MIN_TREEIFY_CAPACITY = "/* Could not access MIN_TREEIFY_CAPACITY */"
      table = "/* Could not access table */"
      entrySet = "/* Could not access entrySet */"
      size = "/* Could not access size */"
      modCount = "/* Could not access modCount */"
      threshold = "/* Could not access threshold */"
      loadFactor = "/* Could not access loadFactor */"
      keySet = "/* Could not access keySet */"
      values = "/* Could not access values */"
    tagLibList = null
    precompileJsps = false
    webApp = class com.ibm.ws.webcontainer40.osgi.webapp.WebApp40@ba4f903
    virtualHostList = class java.util.Collections$EmptyList@7c7fb8c8
      serialVersionUID = "/* Could not access serialVersionUID */"
      modCount = "/* Could not access modCount */"
    appStartupWeight = 0
    moduleStartupWeight = 0
    metaDataComplete = false
    classesToScan = class java.util.ArrayList@5c5f82f1
      serialVersionUID = "/* Could not access serialVersionUID */"
      DEFAULT_CAPACITY = "/* Could not access DEFAULT_CAPACITY */"
      EMPTY_ELEMENTDATA = "/* Could not access EMPTY_ELEMENTDATA */"
      DEFAULTCAPACITY_EMPTY_ELEMENTDATA = "/* Could not access DEFAULTCAPACITY_EMPTY_ELEMENTDATA */"
      elementData = "/* Could not access elementData */"
      size = "/* Could not access size */"
      modCount = "/* Could not access modCount */"
    uriFilterMappingInfos = null
    servletFilterMappingInfos = null
    dynamicServletRegistrationMap = null
    applicationName = "Pokedex-1.0"
    libBinPathList = null
    webXmlDefinedListeners = class java.util.HashSet@23219e4e
      serialVersionUID = "/* Could not access serialVersionUID */"
      map = "/* Could not access map */"
      PRESENT = "/* Could not access PRESENT */"
    allRefs = class java.util.EnumMap@2aa5ead0
      keyType = "/* Could not access keyType */"
      keyUniverse = "/* Could not access keyUniverse */"
      vals = "/* Could not access vals */"
      size = "/* Could not access size */"
      NULL = "/* Could not access NULL */"
      entrySet = "/* Could not access entrySet */"
      serialVersionUID = "/* Could not access serialVersionUID */"
      keySet = "/* Could not access keySet */"
      values = "/* Could not access values */"
    allRefBindings = class java.util.EnumMap@2b9dbeb4
      keyType = "/* Could not access keyType */"
      keyUniverse = "/* Could not access keyUniverse */"
      vals = "/* Could not access vals */"
      size = "/* Could not access size */"
      NULL = "/* Could not access NULL */"
      entrySet = "/* Could not access entrySet */"
      serialVersionUID = "/* Could not access serialVersionUID */"
      keySet = "/* Could not access keySet */"
      values = "/* Could not access values */"
    envEntryValues = class java.util.HashMap@bf5f93c
      serialVersionUID = "/* Could not access serialVersionUID */"
      DEFAULT_INITIAL_CAPACITY = "/* Could not access DEFAULT_INITIAL_CAPACITY */"
      MAXIMUM_CAPACITY = "/* Could not access MAXIMUM_CAPACITY */"
      DEFAULT_LOAD_FACTOR = "/* Could not access DEFAULT_LOAD_FACTOR */"
      TREEIFY_THRESHOLD = "/* Could not access TREEIFY_THRESHOLD */"
      UNTREEIFY_THRESHOLD = "/* Could not access UNTREEIFY_THRESHOLD */"
      MIN_TREEIFY_CAPACITY = "/* Could not access MIN_TREEIFY_CAPACITY */"
      table = "/* Could not access table */"
      entrySet = "/* Could not access entrySet */"
      size = "/* Could not access size */"
      modCount = "/* Could not access modCount */"
      threshold = "/* Could not access threshold */"
      loadFactor = "/* Could not access loadFactor */"
      keySet = "/* Could not access keySet */"
      values = "/* Could not access values */"
    resourceRefConfigList = class com.ibm.ws.resource.internal.ResourceRefConfigListImpl@2489c5e2
      ivList = class java.util.ArrayList@1691a543
      ivMap = class java.util.HashMap@6ab55bb3
      serialVersionUID = 5502773099641523293
      $$$tc$$$ = class com.ibm.websphere.ras.TraceComponent@5e26cfb7
    disallowAllFileServingProp = "false"
    disallowServeServletsByClassnameProp = "true"
    disableStaticMappingCache = false
    jspCachedLocations = null
    primedSTSHeader = "NoValue"
    enablemultireadofpostdata = false
    requestEncoding = null
    responseEncoding = null
    NULLSERVLETNAME = "com.ibm.ws.webcontainer.NullServletName"
    _id = "WebAppGeneratedId2"
    _attributes = null
    serialVersionUID = 7511545662945734886
    $$$tc$$$ = class com.ibm.websphere.ras.TraceComponent@12d4b9bf
      strings[0] = "TraceComponent[com.ibm.ws.container.BaseConfiguration,class com.ibm.ws.container.BaseConfiguration,[],null,null]"
  webApp = class com.ibm.ws.webcontainer40.osgi.webapp.WebApp40@ba4f903
    tc = class com.ibm.websphere.ras.TraceComponent@200afd3f
      strings[0] = "TraceComponent[com.ibm.ws.webcontainer40.osgi.webapp.WebApp40,class com.ibm.ws.webcontainer40.osgi.webapp.WebApp40,[webcontainer],com.ibm.ws.webcontainer31.resources.Messages,null]"
    servlet40NLS = class com.ibm.ejs.ras.TraceNLS@35ebea8d
      resolver = class com.ibm.ws.logging.internal.TraceNLSResolver@180af988
      finder = null
      ivBundleName = "com.ibm.ws.webcontainer40.resources.Messages"
      caller = class java.lang.Class@58583fa8
    CLASS_NAME = "com.ibm.ws.webcontainer40.osgi.webapp.WebApp40"
    defaultSessionTimeout = 30
    tc = class com.ibm.websphere.ras.TraceComponent@2925c22
      strings[0] = "TraceComponent[com.ibm.ws.webcontainer31.osgi.webapp.WebApp31,class com.ibm.ws.webcontainer31.osgi.webapp.WebApp31,[webcontainer],com.ibm.ws.webcontainer31.resources.Messages,null]"
    CLASS_NAME = "com.ibm.ws.webcontainer31.osgi.webapp.WebApp31"
    servlet31NLS = class com.ibm.ejs.ras.TraceNLS@299437a2
      resolver = class com.ibm.ws.logging.internal.TraceNLSResolver@180af988
      finder = null
      ivBundleName = "com.ibm.ws.webcontainer31.resources.Messages"
      caller = class java.lang.Class@55bc2a6a
    validListenerClasses = class java.lang.Class[7]
      Class[0] = class java.lang.Class@68b91a02
      Class[1] = class java.lang.Class@2b8b038c
      Class[2] = class java.lang.Class@6ebf5f0b
      Class[3] = class java.lang.Class@c17b32c
      Class[4] = class java.lang.Class@510996ff
      Class[5] = class java.lang.Class@757eafc9
      Class[6] = class java.lang.Class@222a0049
    wsocServHandler = null
    tc = class com.ibm.websphere.ras.TraceComponent@28131c43
      strings[0] = "TraceComponent[com.ibm.ws.webcontainer.osgi.webapp.WebApp,class com.ibm.ws.webcontainer.osgi.webapp.WebApp,[webcontainer],com.ibm.ws.webcontainer.resources.LShimMessages,null]"
    CLASS_NAME = "com.ibm.ws.webcontainer.osgi.webapp.WebApp"
    metaDataService = class com.ibm.ws.container.service.metadata.internal.MetaDataServiceImpl@4d02a1d2
      applicationMetaDataManager = class com.ibm.ws.container.service.metadata.internal.ApplicationMetaDataManager@58a1e425
      moduleMetaDataManager = class com.ibm.ws.container.service.metadata.internal.ModuleMetaDataManager@29290d04
      componentMetaDataManager = class com.ibm.ws.container.service.metadata.internal.ComponentMetaDataManager@5947778c
      methodMetaDataManager = class com.ibm.ws.container.service.metadata.internal.MethodMetaDataManager@6f63400f
      appModuleNameToModuleContainer = class java.util.concurrent.ConcurrentHashMap@3834110a
      jeeNameToComponentMetaData = class java.util.concurrent.ConcurrentHashMap@59947a25
      deferredMetaDataFactories = class com.ibm.wsspi.kernel.service.utils.ConcurrentServiceReferenceSet@3b8d8d8c
      deferredMetaDataInitializers = class com.ibm.wsspi.kernel.service.utils.ConcurrentServiceReferenceMap@4e1bd1ca
      serialVersionUID = -2494605732980966097
      $$$tc$$$ = class com.ibm.websphere.ras.TraceComponent@49ddd583
    namespacePopulated = false
    referenceContext = class com.ibm.ws.injectionengine.osgi.internal.OSGiReferenceContextImpl@76396a37
      scopeData = class com.ibm.ws.injectionengine.osgi.internal.OSGiInjectionScopeData@673abd20
      serialVersionUID = 521511923892134915
      $$$tc$$$ = class com.ibm.websphere.ras.TraceComponent@8b3b9d8
      CLASS_NAME = "com.ibm.ws.injectionengine.ReferenceContextImpl"
      tc = class com.ibm.websphere.ras.TraceComponent@78baeead
      ivInjectionEngine = class com.ibm.ws.injectionengine.osgi.internal.OSGiInjectionEngineImpl@2de61002
      ivProviders = class java.util.ArrayList@4cb46dab
      ivComponentJavaContext = null
      ivComponentNameSpace = null
      ivJavaColonCompEnvMap = class java.util.LinkedHashMap@33d1b0c
      ivEjbContext10 = class java.util.Properties@4f780365
      ivResourceRefConfigList = class com.ibm.ws.resource.internal.ResourceRefConfigListImpl@52036c88
      isAlreadyProcessed = true
      ivProcessFailure = null
      ivInjectionTargetMap = class java.util.concurrent.ConcurrentHashMap@3d358a56
      svInjTarMapCacheSize = 256
      ivDeclaredInjectionTargets = class java.util.HashMap@563b0387
      ivProcessedInjectionClasses = class java.util.HashSet@59d7410e
      svInjClassMapCacheSize = 512
      ivProcessedInjectionBindings = class java.util.ArrayList@10f91190
      ivAnyProcessDynamic = false
      ivCheckAppConfig = false
    j2eeNameFactory = class com.ibm.ws.container.service.metadata.internal.J2EENameFactoryImpl@29dd90a4
      serialVersionUID = 3486344295038028821
      $$$tc$$$ = class com.ibm.websphere.ras.TraceComponent@320036eb
    moduleLoader = class com.ibm.ws.classloading.internal.AppClassLoader@6c1db043
      tc = class com.ibm.websphere.ras.TraceComponent@3b65e139
      forbiddenClassNames = class java.util.Collections$UnmodifiableSet@67a0903e
      FORBIDDEN_PROPERTIES = "forbidden.properties"
      disableSharedClassesCache = false
      PARENT_FIRST_SEARCH_ORDER = class java.util.Collections$UnmodifiableRandomAccessList@7939d78c
      packagesDefined = class java.util.Collections$SetFromMap@3229df72
      CLASS_LOADING_TRACE_PREFIX = "com.ibm.ws.class.load."
      DEFAULT_PACKAGE = "default.package"
      perPackageClassLoadingTraceComponents = class java.util.concurrent.ConcurrentHashMap@6217dd5
      config = class com.ibm.ws.classloading.internal.ClassLoaderConfigurationImpl@65632c4f
      privateLibraries = null
      delegateLoaders = class com.ibm.ws.classloading.internal.util.CompositeIterable@52d102d8
      nativeLibraryFiles = class java.util.ArrayList@2eff85bf
      transformers = class java.util.ArrayList@23bd9a60
      systemTransformers = class java.util.Collections$EmptyList@7c7fb8c8
      apiAccess = class com.ibm.ws.classloading.internal.GatewayClassLoader@16c0ae4c
      generator = class com.ibm.ws.classloading.internal.ClassGeneratorManager@5f40db0c
      protectionDomains = class java.util.concurrent.ConcurrentHashMap@5ddd5fe
      hook = null
      serialVersionUID = 9086765173324157410
      checkpointPhase = class io.openliberty.checkpoint.spi.CheckpointPhase@6a2689bb
      tc = class com.ibm.websphere.ras.TraceComponent@1eec334
      smartClassPath = class com.ibm.ws.classloading.internal.ContainerClassLoader$SmartClassPathImpl@57dd7a87
      nativeLibraryContainers = class java.util.ArrayList@18fc9486
      redefiner = class com.ibm.ws.classloading.internal.util.ClassRedefiner@413da42e
      jarProtocol = "wsjar:"
      mapCreationQueue = class java.util.concurrent.Executors$FinalizableDelegatedExecutorService@2aa4ebd2
      serialVersionUID = 251246017270836472
      parent = class com.ibm.ws.classloading.internal.GatewayClassLoader@16c0ae4c
      serialVersionUID = -5610156362562585411
      $$$tc$$$ = class com.ibm.websphere.ras.TraceComponent@10ee7437
      pdcache = "/* Could not access pdcache */"
    webAppConfig = class com.ibm.ws.webcontainer.osgi.webapp.WebAppConfiguration@55400368
    extensionProcessingDisabled = false
    managedObjectService = class com.ibm.ws.cdi.impl.managedobject.CDIManagedObjectService@62abcfe7
      defaultMOS = class com.ibm.ws.managedobject.internal.ManagedObjectServiceImpl@59544b5c
      cdiRuntime = class com.ibm.ws.cdi.liberty.CDIRuntimeImpl@3f9b8872
      isActive = class java.util.concurrent.atomic.AtomicBoolean@30825d2d
      serialVersionUID = 5211943849551391960
      $$$tc$$$ = class com.ibm.websphere.ras.TraceComponent@1ee1995c
    internalServletMetaData = interface com.ibm.wsspi.webcontainer.metadata.WebComponentMetaData[2]
      WebComponentMetaData[0] = null
      WebComponentMetaData[1] = null
    loginProcessor = null
    logoutProcessor = null
    collabHelper = class com.ibm.ws.webcontainer.osgi.collaborator.CollaboratorHelperImpl@70e5edce
    envObject = class com.ibm.ws.util.WSThreadLocal@90c0d56
      tc = class com.ibm.ejs.ras.TraceComponent@7588bff8
      count = 8
      index = 3
      SUSPECTED_MISUSAGE_THRESHOLD = 200
      threadLocalHashCode = "/* Could not access threadLocalHashCode */"
      nextHashCode = "/* Could not access nextHashCode */"
      HASH_INCREMENT = "/* Could not access HASH_INCREMENT */"
    orderedLibPaths = class java.util.Collections$UnmodifiableRandomAccessList@69a36bc3
      serialVersionUID = "/* Could not access serialVersionUID */"
      serialVersionUID = "/* Could not access serialVersionUID */"
      list = "/* Could not access list */"
      serialVersionUID = "/* Could not access serialVersionUID */"
      c = "/* Could not access c */"
    perm = class com.ibm.websphere.security.WebSphereRuntimePermission@743be73e
      serialVersionUID = -3306242789188168337
      $$$tc$$$ = class com.ibm.websphere.ras.TraceComponent@7dcc3ce1
      serialVersionUID = "/* Could not access serialVersionUID */"
      wildcard = "/* Could not access wildcard */"
      path = "/* Could not access path */"
      exitVM = "/* Could not access exitVM */"
      serialVersionUID = "/* Could not access serialVersionUID */"
      name = "/* Could not access name */"
    WELCOME_FILE_LIST = "com.ibm.ws.webcontainer.config.WelcomeFileList"
    DIR_BROWSING_MAPPING = "__dirBrowsing__1666740538768"
    FILTER_PROXY_MAPPING = "/__filterProxy__1666740538768"
    logger = class com.ibm.ws.logging.internal.WsLogger@6b364c28
      ivCachedResourceBundleName = "com.ibm.ws.webcontainer.resources.Messages"
      ivCachedResourceBundle = class com.ibm.ws.webcontainer.resources.Messages_pl@72bce2be
      ivComponent = null
      ivOrganization = null
      ivProduct = null
      ivMinimumLocalizationLevelIntValue = 625
      ivTC = class com.ibm.websphere.ras.TraceComponent@7e3efdc1
      loggerRegistrationComponent = class java.lang.ThreadLocal@3e4cab95
      emptyHandlers = "/* Could not access emptyHandlers */"
      offValue = "/* Could not access offValue */"
      SYSTEM_LOGGER_RB_NAME = "/* Could not access SYSTEM_LOGGER_RB_NAME */"
      SYSTEM_BUNDLE = "/* Could not access SYSTEM_BUNDLE */"
      NO_RESOURCE_BUNDLE = "/* Could not access NO_RESOURCE_BUNDLE */"
      config = "/* Could not access config */"
      manager = "/* Could not access manager */"
      name = "/* Could not access name */"
      loggerBundle = "/* Could not access loggerBundle */"
      anonymous = "/* Could not access anonymous */"
      catalogRef = "/* Could not access catalogRef */"
      catalogName = "/* Could not access catalogName */"
      catalogLocale = "/* Could not access catalogLocale */"
      treeLock = "/* Could not access treeLock */"
      parent = "/* Could not access parent */"
      kids = "/* Could not access kids */"
      callerModuleRef = "/* Could not access callerModuleRef */"
      isSystemLogger = "/* Could not access isSystemLogger */"
      GLOBAL_LOGGER_NAME = "global"
      global = class java.util.logging.Logger@2ce9bb5e
    CLASS_NAME = "com.ibm.ws.webcontainer.webapp.WebApp"
    loader = class com.ibm.ws.classloading.internal.ThreadContextClassLoader@57467a50
      tc = class com.ibm.websphere.ras.TraceComponent@629392d4
      bundle = class java.util.concurrent.atomic.AtomicReference@f26526e
      key = "WebModule:Pokedex-1.0#Pokedex-1.0.war"
      refCount = class java.util.concurrent.atomic.AtomicInteger@6c9abdb5
      appLoader = class com.ibm.ws.classloading.internal.AppClassLoader@6c1db043
      clSvc = class com.ibm.ws.classloading.internal.ClassLoadingServiceImpl@34b75427
      serialVersionUID = 7417331337980111787
      tc = class com.ibm.websphere.ras.TraceComponent@3f163729
      followOnClassLoaders = class java.util.ArrayList@4f346c14
      serialVersionUID = 4255658571728280816
      parent = class com.ibm.ws.classloading.internal.GatewayClassLoader@403a95f
      serialVersionUID = -5610156362562585411
      $$$tc$$$ = class com.ibm.websphere.ras.TraceComponent@10ee7437
      pdcache = "/* Could not access pdcache */"
    facade = class com.ibm.ws.webcontainer40.facade.ServletContextFacade40@2b99aa5
      context = class com.ibm.ws.webcontainer40.osgi.webapp.WebApp40@ba4f903
    features = class java.util.ArrayList@70360442
      serialVersionUID = "/* Could not access serialVersionUID */"
      DEFAULT_CAPACITY = "/* Could not access DEFAULT_CAPACITY */"
      EMPTY_ELEMENTDATA = "/* Could not access EMPTY_ELEMENTDATA */"
      DEFAULTCAPACITY_EMPTY_ELEMENTDATA = "/* Could not access DEFAULTCAPACITY_EMPTY_ELEMENTDATA */"
      elementData = "/* Could not access elementData */"
      size = "/* Could not access size */"
      modCount = "/* Could not access modCount */"
    applicationName = "Pokedex-1.0"
    config = class com.ibm.ws.webcontainer.osgi.webapp.WebAppConfiguration@55400368
    securityEnabledForApp = false
    webExtensionProcessor = class com.ibm.ws.webcontainer.osgi.extension.WebExtensionProcessor@5b9f0f6d
      webApp = class com.ibm.ws.webcontainer40.osgi.webapp.WebApp40@ba4f903
      extensionContext = class com.ibm.ws.webcontainer40.osgi.webapp.WebApp40@ba4f903
    production = true
    isServlet23 = true
    contextPath = "/pokedex"
    internalServletList = class [Ljava.lang.String;[2]
      String[][0] = class java.lang.String[2]
      String[][1] = class java.lang.String[2]
    BY_NAME_ONLY = "/_1666740544318_/"
    filterManager = class com.ibm.ws.webcontainer.osgi.filter.WebAppFilterManagerImpl@4db6b829
    documentRoot = null
    SERVLET_API_VERSION = "Servlet 2.5"
    disableServletAuditLogging = -1
    serverInfo = "IBM WebSphere Liberty/22.0.0.11"
    sessionCtx = class com.ibm.ws.webcontainer31.session.impl.HttpSessionContext31Impl@c6788bf
      methodClassName = "HttpSessionContextImpl"
      _smc = class com.ibm.ws.session.SessionManagerConfig@48a8519e
      sessionStoreService = null
      _sap = class com.ibm.ws.session.SessionApplicationParameters@23177a62
      _coreHttpSessionManager = class com.ibm.ws.session.SessionManager@5107d664
      _coreHttpAppSessionManager = null
      _sam = class com.ibm.ws.webcontainer.session.impl.SessionAffinityManagerImpl@59bf0394
      isSIPApplication = false
      sessionAttributeListener = false
      sessionListener = true
      mHttpSessionAttributeListeners = class java.util.ArrayList@2b292c07
      mHttpSessionListeners = class java.util.ArrayList@3375976a
      mHttpSessionIdListeners = class java.util.ArrayList@5c2ed396
      mHttpSessionAttributeListenersJ2eeNames = class java.util.ArrayList@7d2cc824
      mHttpSessionListenersJ2eeNames = class java.util.ArrayList@1f879a92
      mHttpSessionIdListenersJ2eeNames = class java.util.ArrayList@d680cf
      mLocalHost = null
      _refCount = 1
      currentThreadSacHashtable = null
      methodClassName = "SessionContext"
      ANONYMOUS_USER = "anonymous"
      wasHttpSessionObserver = class com.ibm.ws.session.WasHttpSessionObserver@2ace5120
      wasHttpSessionAttributeObserver = null
      _invalidator = class com.ibm.ws.session.SessionInvalidatorWithThreadPool@31b8c1b5
      _storer = class com.ibm.ws.session.EOSSessionStorer@12488e1a
      wasHttpAppSessionObserver = null
      mHttpAppSessionListeners = null
      cmvcInfo = "CMVC Version 1.9 6/24/07 11:12:24"
      _loggedVersion = true
      CREATE_CORE_SESSION_MANAGER = 0
      GET_REQUESTED_SESSION_ID = 1
      GET_IHTTP_SESSION = 2
      SESSION_PRE_INVOKE = 3
      SESSION_POST_INVOKE = 4
      STOP = 5
      STOP_LISTENERS = 6
      IS_VALID = 7
      ENCODE_URL = 8
      SHOULD_ENCODE_URL = 9
      IS_PROTOCOL_SWITCH = 10
      GET_LOCAL_HOST = 11
      ADD_HTTP_SESSION_ATTRIBUTE_LISTENER = 12
      ADD_HTTP_SESSION_LISTENER = 13
      GET_SESSION_AFFINITY_CONTEXT = 14
      CHECK_SECURITY = 15
      INVALIDATE = 16
      CHECK_SESSSIONID_IS_RIGHT_LENGTH = 17
      LOCK_SESSION = 18
      UNLOCK_SESSION = 19
      ADD_HTTP_SESSION_ID_LISTENER = 20
      methodNames = class java.lang.String[21]
    eventSource = class com.ibm.ws.webcontainer.webapp.WebAppEventSource@663cb876
    nls = class com.ibm.ejs.ras.TraceNLS@2f201a39
      resolver = class com.ibm.ws.logging.internal.TraceNLSResolver@180af988
      finder = null
      ivBundleName = "com.ibm.ws.webcontainer.resources.Messages"
      caller = class java.lang.Class@6c82b395
    liberty_nls = class com.ibm.ejs.ras.TraceNLS@27c07868
      resolver = class com.ibm.ws.logging.internal.TraceNLSResolver@180af988
      finder = null
      ivBundleName = "com.ibm.ws.webcontainer.resources.LShimMessages"
      caller = class java.lang.Class@6c82b395
    error_nls = class com.ibm.ejs.ras.TraceNLS@77282d16
      resolver = class com.ibm.ws.logging.internal.TraceNLSResolver@180af988
      finder = null
      ivBundleName = "com.ibm.ws.webcontainer.resources.ErrorPage"
      caller = class java.lang.Class@6c82b395
    sessionListeners = class java.util.ArrayList@47ba713c
      serialVersionUID = "/* Could not access serialVersionUID */"
      DEFAULT_CAPACITY = "/* Could not access DEFAULT_CAPACITY */"
      EMPTY_ELEMENTDATA = "/* Could not access EMPTY_ELEMENTDATA */"
      DEFAULTCAPACITY_EMPTY_ELEMENTDATA = "/* Could not access DEFAULTCAPACITY_EMPTY_ELEMENTDATA */"
      elementData = "/* Could not access elementData */"
      size = "/* Could not access size */"
      modCount = "/* Could not access modCount */"
    sessionIdListeners = class java.util.ArrayList@68644a20
      serialVersionUID = "/* Could not access serialVersionUID */"
      DEFAULT_CAPACITY = "/* Could not access DEFAULT_CAPACITY */"
      EMPTY_ELEMENTDATA = "/* Could not access EMPTY_ELEMENTDATA */"
      DEFAULTCAPACITY_EMPTY_ELEMENTDATA = "/* Could not access DEFAULTCAPACITY_EMPTY_ELEMENTDATA */"
      elementData = "/* Could not access elementData */"
      size = "/* Could not access size */"
      modCount = "/* Could not access modCount */"
    sessionAttrListeners = class java.util.ArrayList@4c436c7c
      serialVersionUID = "/* Could not access serialVersionUID */"
      DEFAULT_CAPACITY = "/* Could not access DEFAULT_CAPACITY */"
      EMPTY_ELEMENTDATA = "/* Could not access EMPTY_ELEMENTDATA */"
      DEFAULTCAPACITY_EMPTY_ELEMENTDATA = "/* Could not access DEFAULTCAPACITY_EMPTY_ELEMENTDATA */"
      elementData = "/* Could not access elementData */"
      size = "/* Could not access size */"
      modCount = "/* Could not access modCount */"
    addedSessionListeners = class java.util.ArrayList@7a35a87f
      serialVersionUID = "/* Could not access serialVersionUID */"
      DEFAULT_CAPACITY = "/* Could not access DEFAULT_CAPACITY */"
      EMPTY_ELEMENTDATA = "/* Could not access EMPTY_ELEMENTDATA */"
      DEFAULTCAPACITY_EMPTY_ELEMENTDATA = "/* Could not access DEFAULTCAPACITY_EMPTY_ELEMENTDATA */"
      elementData = "/* Could not access elementData */"
      size = "/* Could not access size */"
      modCount = "/* Could not access modCount */"
    addedSessionAttrListeners = class java.util.ArrayList@6e121594
      serialVersionUID = "/* Could not access serialVersionUID */"
      DEFAULT_CAPACITY = "/* Could not access DEFAULT_CAPACITY */"
      EMPTY_ELEMENTDATA = "/* Could not access EMPTY_ELEMENTDATA */"
      DEFAULTCAPACITY_EMPTY_ELEMENTDATA = "/* Could not access DEFAULTCAPACITY_EMPTY_ELEMENTDATA */"
      elementData = "/* Could not access elementData */"
      size = "/* Could not access size */"
      modCount = "/* Could not access modCount */"
    servletContextListeners = class java.util.ArrayList@24ed773c
      serialVersionUID = "/* Could not access serialVersionUID */"
      DEFAULT_CAPACITY = "/* Could not access DEFAULT_CAPACITY */"
      EMPTY_ELEMENTDATA = "/* Could not access EMPTY_ELEMENTDATA */"
      DEFAULTCAPACITY_EMPTY_ELEMENTDATA = "/* Could not access DEFAULTCAPACITY_EMPTY_ELEMENTDATA */"
      elementData = "/* Could not access elementData */"
      size = "/* Could not access size */"
      modCount = "/* Could not access modCount */"
    servletContextLAttrListeners = class java.util.ArrayList@731adf51
      serialVersionUID = "/* Could not access serialVersionUID */"
      DEFAULT_CAPACITY = "/* Could not access DEFAULT_CAPACITY */"
      EMPTY_ELEMENTDATA = "/* Could not access EMPTY_ELEMENTDATA */"
      DEFAULTCAPACITY_EMPTY_ELEMENTDATA = "/* Could not access DEFAULTCAPACITY_EMPTY_ELEMENTDATA */"
      elementData = "/* Could not access elementData */"
      size = "/* Could not access size */"
      modCount = "/* Could not access modCount */"
    servletRequestListeners = class java.util.ArrayList@243be71d
      serialVersionUID = "/* Could not access serialVersionUID */"
      DEFAULT_CAPACITY = "/* Could not access DEFAULT_CAPACITY */"
      EMPTY_ELEMENTDATA = "/* Could not access EMPTY_ELEMENTDATA */"
      DEFAULTCAPACITY_EMPTY_ELEMENTDATA = "/* Could not access DEFAULTCAPACITY_EMPTY_ELEMENTDATA */"
      elementData = "/* Could not access elementData */"
      size = "/* Could not access size */"
      modCount = "/* Could not access modCount */"
    servletRequestLAttrListeners = class java.util.ArrayList@5afbf8bb
      serialVersionUID = "/* Could not access serialVersionUID */"
      DEFAULT_CAPACITY = "/* Could not access DEFAULT_CAPACITY */"
      EMPTY_ELEMENTDATA = "/* Could not access EMPTY_ELEMENTDATA */"
      DEFAULTCAPACITY_EMPTY_ELEMENTDATA = "/* Could not access DEFAULTCAPACITY_EMPTY_ELEMENTDATA */"
      elementData = "/* Could not access elementData */"
      size = "/* Could not access size */"
      modCount = "/* Could not access modCount */"
    prependSlashToResource = false
    destroyed = false
    webAppNameSpaceCollab = class com.ibm.ws.webcontainer.osgi.collaborator.WebAppNameSpaceCollaboratorImpl@15e0204f
      cmdai = class com.ibm.ws.threadContext.ComponentMetaDataAccessorImpl@32b42c1d
    txCollab = class com.ibm.ws.transaction.services.WebAppTransactionCollaboratorImpl@302585f5
      tc = class com.ibm.websphere.ras.TraceComponent@44890106
      ltCurrentRef = class com.ibm.wsspi.kernel.service.utils.AtomicServiceReference@563f3542
      tranMgrRef = class com.ibm.wsspi.kernel.service.utils.AtomicServiceReference@2c0028f2
      userTranRef = class com.ibm.wsspi.kernel.service.utils.AtomicServiceReference@7bb62113
      uowCallbackRef = class com.ibm.wsspi.kernel.service.utils.AtomicServiceReference@6b333a2e
      serialVersionUID = -8319003162899973281
    sessionActivationListeners = class java.util.ArrayList@4b5d9fe3
      serialVersionUID = "/* Could not access serialVersionUID */"
      DEFAULT_CAPACITY = "/* Could not access DEFAULT_CAPACITY */"
      EMPTY_ELEMENTDATA = "/* Could not access EMPTY_ELEMENTDATA */"
      DEFAULTCAPACITY_EMPTY_ELEMENTDATA = "/* Could not access DEFAULTCAPACITY_EMPTY_ELEMENTDATA */"
      elementData = "/* Could not access elementData */"
      size = "/* Could not access size */"
      modCount = "/* Could not access modCount */"
    sessionBindingListeners = class java.util.ArrayList@4e669813
      serialVersionUID = "/* Could not access serialVersionUID */"
      DEFAULT_CAPACITY = "/* Could not access DEFAULT_CAPACITY */"
      EMPTY_ELEMENTDATA = "/* Could not access EMPTY_ELEMENTDATA */"
      DEFAULTCAPACITY_EMPTY_ELEMENTDATA = "/* Could not access DEFAULTCAPACITY_EMPTY_ELEMENTDATA */"
      elementData = "/* Could not access elementData */"
      size = "/* Could not access size */"
      modCount = "/* Could not access modCount */"
    scratchdir = null
    jspClassLoaderLimit = 0
    jspClassLoaderExclusionList = null
    jspClassLoadersMap = null
    jspClassLoaderLimitTrackIF = false
    defaultExtProc = null
    directoryBrowsingServlet = null
    cdiContexts = class java.util.concurrent.ConcurrentHashMap@46861752
      serialVersionUID = "/* Could not access serialVersionUID */"
      MAXIMUM_CAPACITY = "/* Could not access MAXIMUM_CAPACITY */"
      DEFAULT_CAPACITY = "/* Could not access DEFAULT_CAPACITY */"
      MAX_ARRAY_SIZE = "/* Could not access MAX_ARRAY_SIZE */"
      DEFAULT_CONCURRENCY_LEVEL = "/* Could not access DEFAULT_CONCURRENCY_LEVEL */"
      LOAD_FACTOR = "/* Could not access LOAD_FACTOR */"
      TREEIFY_THRESHOLD = "/* Could not access TREEIFY_THRESHOLD */"
      UNTREEIFY_THRESHOLD = "/* Could not access UNTREEIFY_THRESHOLD */"
      MIN_TREEIFY_CAPACITY = "/* Could not access MIN_TREEIFY_CAPACITY */"
      MIN_TRANSFER_STRIDE = "/* Could not access MIN_TRANSFER_STRIDE */"
      RESIZE_STAMP_BITS = "/* Could not access RESIZE_STAMP_BITS */"
      MAX_RESIZERS = "/* Could not access MAX_RESIZERS */"
      RESIZE_STAMP_SHIFT = "/* Could not access RESIZE_STAMP_SHIFT */"
      MOVED = "/* Could not access MOVED */"
      TREEBIN = "/* Could not access TREEBIN */"
      RESERVED = "/* Could not access RESERVED */"
      HASH_BITS = "/* Could not access HASH_BITS */"
      NCPU = "/* Could not access NCPU */"
      serialPersistentFields = "/* Could not access serialPersistentFields */"
      table = "/* Could not access table */"
      nextTable = "/* Could not access nextTable */"
      baseCount = "/* Could not access baseCount */"
      sizeCtl = "/* Could not access sizeCtl */"
      transferIndex = "/* Could not access transferIndex */"
      cellsBusy = "/* Could not access cellsBusy */"
      counterCells = "/* Could not access counterCells */"
      keySet = "/* Could not access keySet */"
      values = "/* Could not access values */"
      entrySet = "/* Could not access entrySet */"
      U = "/* Could not access U */"
      SIZECTL = "/* Could not access SIZECTL */"
      TRANSFERINDEX = "/* Could not access TRANSFERINDEX */"
      BASECOUNT = "/* Could not access BASECOUNT */"
      CELLSBUSY = "/* Could not access CELLSBUSY */"
      CELLVALUE = "/* Could not access CELLVALUE */"
      ABASE = "/* Could not access ABASE */"
      ASHIFT = "/* Could not access ASHIFT */"
      keySet = "/* Could not access keySet */"
      values = "/* Could not access values */"
    moduleConfig = class com.ibm.ws.webcontainer.osgi.container.DeployedModule@61032ae6
      tc = class com.ibm.websphere.ras.TraceComponent@290a36c2
      loader = class com.ibm.ws.classloading.internal.ThreadContextClassLoader@57467a50
      webApp = class com.ibm.ws.webcontainer40.osgi.webapp.WebApp40@ba4f903
      webAppConfig = class com.ibm.ws.webcontainer.osgi.webapp.WebAppConfiguration@55400368
      contextRootAdded = class com.ibm.ws.threading.internal.NonCancelableResultFuture@7eb3a6d0
      properContextRoot = "/pokedex"
      mappingContextRoot = "/pokedex/*"
      initTaskCount = class java.util.concurrent.atomic.AtomicInteger@97175da
      initTasksDoneListener = class com.ibm.ws.webcontainer.osgi.WebContainer$2@5f1f12b0
      serialVersionUID = -2104814060051592457
      $$$tc$$$ = class com.ibm.websphere.ras.TraceComponent@7b3932fd
    extensionFactories = class java.util.ArrayList@1b5f90d5
      serialVersionUID = "/* Could not access serialVersionUID */"
      DEFAULT_CAPACITY = "/* Could not access DEFAULT_CAPACITY */"
      EMPTY_ELEMENTDATA = "/* Could not access EMPTY_ELEMENTDATA */"
      DEFAULTCAPACITY_EMPTY_ELEMENTDATA = "/* Could not access DEFAULTCAPACITY_EMPTY_ELEMENTDATA */"
      elementData = "/* Could not access elementData */"
      size = "/* Could not access size */"
      modCount = "/* Could not access modCount */"
    initialized = true
    lock = class com.ibm.ws.webcontainer.webapp.WebApp$1@404a260d
      this$0 = class com.ibm.ws.webcontainer40.osgi.webapp.WebApp40@ba4f903
    afterServletContextCreated = false
    redirectContextRoot = false
    errorExceptionTypeFirst = false
    initFilterBeforeServletInit = false
    SET_400_SC_ON_TOO_MANY_PARENT_DIRS = false
    sortedServletConfigs = class java.util.ArrayList@368085d1
      serialVersionUID = "/* Could not access serialVersionUID */"
      DEFAULT_CAPACITY = "/* Could not access DEFAULT_CAPACITY */"
      EMPTY_ELEMENTDATA = "/* Could not access EMPTY_ELEMENTDATA */"
      DEFAULTCAPACITY_EMPTY_ELEMENTDATA = "/* Could not access DEFAULTCAPACITY_EMPTY_ELEMENTDATA */"
      elementData = "/* Could not access elementData */"
      size = "/* Could not access size */"
      modCount = "/* Could not access modCount */"
    effectiveMajorVersion = 3
    effectiveMinorVersion = 1
    canAddServletContextListener = true
    withinContextInitOfProgAddListener = false
    lastProgAddListenerInitialized = "org.jboss.weld.module.web.servlet.WeldInitialListener"
    webInfLibClassloader = null
    metaInfCache = class com.ibm.ws.webcontainer.webapp.WebApp$2@4e2ccdfd
      this$0 = class com.ibm.ws.webcontainer40.osgi.webapp.WebApp40@ba4f903
      serialVersionUID = "/* Could not access serialVersionUID */"
      head = "/* Could not access head */"
      tail = "/* Could not access tail */"
      accessOrder = "/* Could not access accessOrder */"
      serialVersionUID = "/* Could not access serialVersionUID */"
      DEFAULT_INITIAL_CAPACITY = "/* Could not access DEFAULT_INITIAL_CAPACITY */"
      MAXIMUM_CAPACITY = "/* Could not access MAXIMUM_CAPACITY */"
      DEFAULT_LOAD_FACTOR = "/* Could not access DEFAULT_LOAD_FACTOR */"
      TREEIFY_THRESHOLD = "/* Could not access TREEIFY_THRESHOLD */"
      UNTREEIFY_THRESHOLD = "/* Could not access UNTREEIFY_THRESHOLD */"
      MIN_TREEIFY_CAPACITY = "/* Could not access MIN_TREEIFY_CAPACITY */"
      table = "/* Could not access table */"
      entrySet = "/* Could not access entrySet */"
      size = "/* Could not access size */"
      modCount = "/* Could not access modCount */"
      threshold = "/* Could not access threshold */"
      loadFactor = "/* Could not access loadFactor */"
      keySet = "/* Could not access keySet */"
      values = "/* Could not access values */"
    useMetaInfCache = true
    SUN_CONFIGURE_LISTENER_CLASSNAME = "com.sun.faces.config.ConfigureListener"
    MYFACES_LIFECYCLE_LISTENER_CLASSNAME = "org.apache.myfaces.webapp.StartupServletContextListener"
    JSF_IMPL_ENABLED_PARAM = "com.ibm.ws.jsf.JSF_IMPL_ENABLED"
    JSF_IMPL_ENABLED_CUSTOM = "Custom"
    JSF_IMPL_ENABLED_NONE = "None"
    staticDocRoot = class com.ibm.ws.webcontainer.util.DocumentRootUtils@291235d5
      logger = class com.ibm.ws.logging.internal.WsLogger@4341e91f
      CLASS_NAME = "com.ibm.ws.webcontainer.util.DocumentRootUtils"
      useContentLength = false
      matchedFile = null
      matchedZipFile = null
      matchedEntry = null
      matchedURL = null
      edrRoot = null
      pfedrRoot = null
      ctxt = class com.ibm.ws.webcontainer40.osgi.webapp.WebApp40@ba4f903
      baseDir = null
      edr = null
      pfedr = null
      metaInfRes = null
      searchpfEDR = true
      searchEDR = true
      searchMetaInfRes = true
      matchFromEDR = false
      matchFromMetaInfRes = false
      matchIsADirectory = false
      appConfig = class com.ibm.ws.webcontainer.osgi.webapp.WebAppConfiguration@55400368
      attributeType = "staticFile"
      STATIC_FILE = "staticFile"
      JSP = "jsp"
      PFEDR = "preFragmentExtendedDocumentRoot"
      EDR = "extendedDocumentRoot"
    jspDocRoot = class com.ibm.ws.webcontainer.util.DocumentRootUtils@38f904b4
      logger = class com.ibm.ws.logging.internal.WsLogger@4341e91f
      CLASS_NAME = "com.ibm.ws.webcontainer.util.DocumentRootUtils"
      useContentLength = false
      matchedFile = null
      matchedZipFile = null
      matchedEntry = null
      matchedURL = null
      edrRoot = null
      pfedrRoot = null
      ctxt = class com.ibm.ws.webcontainer40.osgi.webapp.WebApp40@ba4f903
      baseDir = null
      edr = null
      pfedr = null
      metaInfRes = null
      searchpfEDR = true
      searchEDR = true
      searchMetaInfRes = true
      matchFromEDR = false
      matchFromMetaInfRes = false
      matchIsADirectory = false
      appConfig = class com.ibm.ws.webcontainer.osgi.webapp.WebAppConfiguration@55400368
      attributeType = "jsp"
      STATIC_FILE = "staticFile"
      JSP = "jsp"
      PFEDR = "preFragmentExtendedDocumentRoot"
      EDR = "extendedDocumentRoot"
    container = class com.ibm.ws.adaptable.module.internal.AdaptableContainerImpl@633f53c2
      root = class com.ibm.ws.adaptable.module.internal.AdaptableContainerImpl@633f53c2
      rootOverlay = class com.ibm.ws.artifact.overlay.internal.DirectoryBasedOverlayContainerImpl@2625591b
      factoryHolder = class com.ibm.ws.adaptable.module.internal.AdaptableModuleFactoryImpl@1cd392b3
      delegate = class com.ibm.ws.artifact.overlay.internal.DirectoryBasedOverlayContainerImpl@2625591b
      notifier = class com.ibm.ws.adaptable.module.internal.NotifierImpl@7fb522df
      serialVersionUID = -5950528200509051684
      $$$tc$$$ = class com.ibm.websphere.ras.TraceComponent@39ed72f5
    metaInfResourceFinder = class com.ibm.ws.webcontainer.util.MetaInfResourceFinder@a65b077
      jarResourceContainers = class java.util.ArrayList@18f5ee3
      container = class com.ibm.ws.adaptable.module.internal.AdaptableContainerImpl@633f53c2
    postConstructMethods = class com.ibm.ws.webcontainer.webapp.WebApp$AnnotatedMethods@228ec7e3
      annotationClass = class java.lang.Class@39ff3163
      noOpClassNames = class java.util.HashSet@46859e1f
      annotatedMethodNames = class java.util.concurrent.ConcurrentHashMap@4b721766
      EMPTY_METHODS = class java.lang.reflect.Method[0]
    preDestroyMethods = class com.ibm.ws.webcontainer.webapp.WebApp$AnnotatedMethods@1a8ae2fa
      annotationClass = class java.lang.Class@5fe71774
      noOpClassNames = class java.util.HashSet@505218f6
      annotatedMethodNames = class java.util.concurrent.ConcurrentHashMap@10faa98c
      EMPTY_METHODS = class java.lang.reflect.Method[0]
    OBJ_EMPTY = class java.lang.Object[0]
    CLASS_EMPTY = class java.lang.Class[0]
    checkpointPhase = class io.openliberty.checkpoint.spi.CheckpointPhase@6a2689bb
      FEATURES = class io.openliberty.checkpoint.spi.CheckpointPhase@245113f6
      APPLICATIONS = class io.openliberty.checkpoint.spi.CheckpointPhase@7324dd7e
      DEPLOYMENT = class io.openliberty.checkpoint.spi.CheckpointPhase@68070a0c
      INACTIVE = class io.openliberty.checkpoint.spi.CheckpointPhase@6a2689bb
      CHECKPOINT_PROPERTY = "io.openliberty.checkpoint"
      CHECKPOINT_ACTIVE_FILTER = "(!(io.openliberty.checkpoint=INACTIVE))"
      CHECKPOINT_RESTORED_PROPERTY = "io.openliberty.checkpoint.restored"
      CONDITION_PROCESS_RUNNING_ID = "io.openliberty.process.running"
      phases = class java.util.HashMap@1a536953
      restored = true
      noMoreAddHooks = true
      singleThreadedHooks = class java.util.ArrayList@3631174c
      multiThreadedHooks = class java.util.ArrayList@63abf3d9
      THE_PHASE = class io.openliberty.checkpoint.spi.CheckpointPhase@6a2689bb
      DEBUG = false
      $VALUES = class io.openliberty.checkpoint.spi.CheckpointPhase[4]
      name = "/* Could not access name */"
      ordinal = "/* Could not access ordinal */"
    DEFAULT_JSP_EXTENSIONS = class java.util.ArrayList@4d677a80
      serialVersionUID = "/* Could not access serialVersionUID */"
      DEFAULT_CAPACITY = "/* Could not access DEFAULT_CAPACITY */"
      EMPTY_ELEMENTDATA = "/* Could not access EMPTY_ELEMENTDATA */"
      DEFAULTCAPACITY_EMPTY_ELEMENTDATA = "/* Could not access DEFAULTCAPACITY_EMPTY_ELEMENTDATA */"
      elementData = "/* Could not access elementData */"
      size = "/* Could not access size */"
      modCount = "/* Could not access modCount */"
    DEFER_SERVLET_REQUEST_LISTENER_DESTROY_ON_ERROR = false
    DO_ACCEPT_PARTIAL = true
    DO_NOT_ACCEPT_PARTIAL = false
    DO_ACCEPT_EXCLUDED = true
    DO_NOT_ACCEPT_EXCLUDED = false
    commands = class java.util.ArrayList@19821d10
      serialVersionUID = "/* Could not access serialVersionUID */"
      DEFAULT_CAPACITY = "/* Could not access DEFAULT_CAPACITY */"
      EMPTY_ELEMENTDATA = "/* Could not access EMPTY_ELEMENTDATA */"
      DEFAULTCAPACITY_EMPTY_ELEMENTDATA = "/* Could not access DEFAULTCAPACITY_EMPTY_ELEMENTDATA */"
      elementData = "/* Could not access elementData */"
      size = "/* Could not access size */"
      modCount = "/* Could not access modCount */"
    requestMapper = class com.ibm.wsspi.webcontainer.util.URIMapper@54d2b1e8
      matcher = class com.ibm.wsspi.webcontainer40.util.URIMatcher40@11a53d2
    parent = class com.ibm.ws.webcontainer.osgi.webapp.WebGroup@a679198
      tc = class com.ibm.websphere.ras.TraceComponent@20f0f6dd
      logger = class com.ibm.ws.logging.internal.WsLogger@6b364c28
      CLASS_NAME = "com.ibm.ws.webcontainer.webapp.WebGroup"
      sessUrlRewritePrefix = ";jsessionid="
      qMark = "?"
      config = class com.ibm.ws.webcontainer.osgi.webapp.WebGroupConfiguration@7de85756
      webApp = class com.ibm.ws.webcontainer40.osgi.webapp.WebApp40@ba4f903
      commands = class java.util.ArrayList@5ac550c9
      requestMapper = null
      parent = class com.ibm.ws.webcontainer.osgi.DynamicVirtualHost@e7629b4
      name = "/pokedex/*"
      isAlive = true
      subElements = class java.util.HashMap@5a831728
      attributes = null
      config = null
      serialVersionUID = -8271459000149267764
      $$$tc$$$ = class com.ibm.websphere.ras.TraceComponent@3acbc06b
    name = "Pokedex-1.0"
    isAlive = true
    subElements = null
    attributes = class java.util.concurrent.ConcurrentHashMap@7ca2592e
      serialVersionUID = "/* Could not access serialVersionUID */"
      MAXIMUM_CAPACITY = "/* Could not access MAXIMUM_CAPACITY */"
      DEFAULT_CAPACITY = "/* Could not access DEFAULT_CAPACITY */"
      MAX_ARRAY_SIZE = "/* Could not access MAX_ARRAY_SIZE */"
      DEFAULT_CONCURRENCY_LEVEL = "/* Could not access DEFAULT_CONCURRENCY_LEVEL */"
      LOAD_FACTOR = "/* Could not access LOAD_FACTOR */"
      TREEIFY_THRESHOLD = "/* Could not access TREEIFY_THRESHOLD */"
      UNTREEIFY_THRESHOLD = "/* Could not access UNTREEIFY_THRESHOLD */"
      MIN_TREEIFY_CAPACITY = "/* Could not access MIN_TREEIFY_CAPACITY */"
      MIN_TRANSFER_STRIDE = "/* Could not access MIN_TRANSFER_STRIDE */"
      RESIZE_STAMP_BITS = "/* Could not access RESIZE_STAMP_BITS */"
      MAX_RESIZERS = "/* Could not access MAX_RESIZERS */"
      RESIZE_STAMP_SHIFT = "/* Could not access RESIZE_STAMP_SHIFT */"
      MOVED = "/* Could not access MOVED */"
      TREEBIN = "/* Could not access TREEBIN */"
      RESERVED = "/* Could not access RESERVED */"
      HASH_BITS = "/* Could not access HASH_BITS */"
      NCPU = "/* Could not access NCPU */"
      serialPersistentFields = "/* Could not access serialPersistentFields */"
      table = "/* Could not access table */"
      nextTable = "/* Could not access nextTable */"
      baseCount = "/* Could not access baseCount */"
      sizeCtl = "/* Could not access sizeCtl */"
      transferIndex = "/* Could not access transferIndex */"
      cellsBusy = "/* Could not access cellsBusy */"
      counterCells = "/* Could not access counterCells */"
      keySet = "/* Could not access keySet */"
      values = "/* Could not access values */"
      entrySet = "/* Could not access entrySet */"
      U = "/* Could not access U */"
      SIZECTL = "/* Could not access SIZECTL */"
      TRANSFERINDEX = "/* Could not access TRANSFERINDEX */"
      BASECOUNT = "/* Could not access BASECOUNT */"
      CELLSBUSY = "/* Could not access CELLSBUSY */"
      CELLVALUE = "/* Could not access CELLVALUE */"
      ABASE = "/* Could not access ABASE */"
      ASHIFT = "/* Could not access ASHIFT */"
      keySet = "/* Could not access keySet */"
      values = "/* Could not access values */"
    config = null
    serialVersionUID = -8271459000149267764
    $$$tc$$$ = class com.ibm.websphere.ras.TraceComponent@3acbc06b
      strings[0] = "TraceComponent[com.ibm.ws.container.AbstractContainer,class com.ibm.ws.container.AbstractContainer,[],null,null]"
  collabHelper = class com.ibm.ws.webcontainer.osgi.collaborator.CollaboratorHelperImpl@70e5edce
    webAppInvCollabs = class java.util.Collections$UnmodifiableSet@1142c21c
      serialVersionUID = "/* Could not access serialVersionUID */"
      serialVersionUID = "/* Could not access serialVersionUID */"
      c = "/* Could not access c */"
    securityDomainForApp = null
    logger = class com.ibm.ws.logging.internal.WsLogger@20540135
      ivCachedResourceBundleName = null
      ivCachedResourceBundle = null
      ivComponent = null
      ivOrganization = null
      ivProduct = null
      ivMinimumLocalizationLevelIntValue = 625
      ivTC = class com.ibm.websphere.ras.TraceComponent@7598a867
      loggerRegistrationComponent = class java.lang.ThreadLocal@3e4cab95
      emptyHandlers = "/* Could not access emptyHandlers */"
      offValue = "/* Could not access offValue */"
      SYSTEM_LOGGER_RB_NAME = "/* Could not access SYSTEM_LOGGER_RB_NAME */"
      SYSTEM_BUNDLE = "/* Could not access SYSTEM_BUNDLE */"
      NO_RESOURCE_BUNDLE = "/* Could not access NO_RESOURCE_BUNDLE */"
      config = "/* Could not access config */"
      manager = "/* Could not access manager */"
      name = "/* Could not access name */"
      loggerBundle = "/* Could not access loggerBundle */"
      anonymous = "/* Could not access anonymous */"
      catalogRef = "/* Could not access catalogRef */"
      catalogName = "/* Could not access catalogName */"
      catalogLocale = "/* Could not access catalogLocale */"
      treeLock = "/* Could not access treeLock */"
      parent = "/* Could not access parent */"
      kids = "/* Could not access kids */"
      callerModuleRef = "/* Could not access callerModuleRef */"
      isSystemLogger = "/* Could not access isSystemLogger */"
      GLOBAL_LOGGER_NAME = "global"
      global = class java.util.logging.Logger@2ce9bb5e
    staticDefaultSecurityCollaborator = class com.ibm.ws.webcontainer.collaborator.WebAppSecurityCollaborator@7feabcc2
    logger = class com.ibm.ws.logging.internal.WsLogger@1d82f1e0
      ivCachedResourceBundleName = null
      ivCachedResourceBundle = null
      ivComponent = null
      ivOrganization = null
      ivProduct = null
      ivMinimumLocalizationLevelIntValue = 625
      ivTC = class com.ibm.websphere.ras.TraceComponent@1a339498
      loggerRegistrationComponent = class java.lang.ThreadLocal@3e4cab95
      emptyHandlers = "/* Could not access emptyHandlers */"
      offValue = "/* Could not access offValue */"
      SYSTEM_LOGGER_RB_NAME = "/* Could not access SYSTEM_LOGGER_RB_NAME */"
      SYSTEM_BUNDLE = "/* Could not access SYSTEM_BUNDLE */"
      NO_RESOURCE_BUNDLE = "/* Could not access NO_RESOURCE_BUNDLE */"
      config = "/* Could not access config */"
      manager = "/* Could not access manager */"
      name = "/* Could not access name */"
      loggerBundle = "/* Could not access loggerBundle */"
      anonymous = "/* Could not access anonymous */"
      catalogRef = "/* Could not access catalogRef */"
      catalogName = "/* Could not access catalogName */"
      catalogLocale = "/* Could not access catalogLocale */"
      treeLock = "/* Could not access treeLock */"
      parent = "/* Could not access parent */"
      kids = "/* Could not access kids */"
      callerModuleRef = "/* Could not access callerModuleRef */"
      isSystemLogger = "/* Could not access isSystemLogger */"
      GLOBAL_LOGGER_NAME = "global"
      global = class java.util.logging.Logger@2ce9bb5e
    CLASS_NAME = "com.ibm.wsspi.webcontainer.collaborator.CollaboratorHelper"
    webApp = class com.ibm.ws.webcontainer40.osgi.webapp.WebApp40@ba4f903
    securityCollaborator = class com.ibm.ws.webcontainer.collaborator.WebAppSecurityCollaborator@7feabcc2
    nameSpaceCollaborator = class com.ibm.ws.webcontainer.osgi.collaborator.WebAppNameSpaceCollaboratorImpl@15e0204f
    transactionCollaborator = class com.ibm.ws.transaction.services.WebAppTransactionCollaboratorImpl@302585f5
    connectionCollaborator = class com.ibm.ws.webcontainer.collaborator.ConnectionHandleCollaborator@39443fcd
      tc = class com.ibm.websphere.ras.TraceComponent@668bbdd8
      threadContext = class com.ibm.ws.threadContext.ThreadContextImpl@61227097
    allCollabEnum = class java.util.RegularEnumSet@3e9148db
      serialVersionUID = "/* Could not access serialVersionUID */"
      elements = "/* Could not access elements */"
      serialVersionUID = "/* Could not access serialVersionUID */"
      elementType = "/* Could not access elementType */"
      universe = "/* Could not access universe */"
    servlet_23_or_greater = true
    DEFER_SERVLET_REQUEST_LISTENER_DESTROY_ON_ERROR = false
  secCollab = class com.ibm.ws.webcontainer.collaborator.WebAppSecurityCollaborator@7feabcc2
  sessionSecurityIntegrationEnabled = true
  assumeFilterSuccessOnSecurityError = false
  useOriginalRequestState = false
  _evtSource = class com.ibm.ws.webcontainer.webapp.WebAppEventSource@663cb876
    _invocationListeners = class com.ibm.ws.webcontainer.util.EventListeners@21ff48c9
      EMPTY_LISTENERS = interface java.util.EventListener[0]
      logger = class com.ibm.ws.logging.internal.WsLogger@4341e91f
      CLASS_NAME = "com.ibm.ws.webcontainer.util.EventListeners"
      listeners = interface java.util.EventListener[0]
    _servletListeners = class com.ibm.ws.webcontainer.util.EventListeners@67513a5c
      EMPTY_LISTENERS = interface java.util.EventListener[0]
      logger = class com.ibm.ws.logging.internal.WsLogger@4341e91f
      CLASS_NAME = "com.ibm.ws.webcontainer.util.EventListeners"
      listeners = interface java.util.EventListener[0]
    _errorListeners = class com.ibm.ws.webcontainer.util.EventListeners@43c90393
      EMPTY_LISTENERS = interface java.util.EventListener[0]
      logger = class com.ibm.ws.logging.internal.WsLogger@4341e91f
      CLASS_NAME = "com.ibm.ws.webcontainer.util.EventListeners"
      listeners = interface java.util.EventListener[0]
    _applicationListeners = class com.ibm.ws.webcontainer.util.EventListeners@298578dd
      EMPTY_LISTENERS = interface java.util.EventListener[0]
      logger = class com.ibm.ws.logging.internal.WsLogger@4341e91f
      CLASS_NAME = "com.ibm.ws.webcontainer.util.EventListeners"
      listeners = interface java.util.EventListener[0]
    _filterInvocationListeners = class com.ibm.ws.webcontainer.util.EventListeners@72e7d424
      EMPTY_LISTENERS = interface java.util.EventListener[0]
      logger = class com.ibm.ws.logging.internal.WsLogger@4341e91f
      CLASS_NAME = "com.ibm.ws.webcontainer.util.EventListeners"
      listeners = interface java.util.EventListener[0]
    _filterListeners = class com.ibm.ws.webcontainer.util.EventListeners@1c0a83fe
      EMPTY_LISTENERS = interface java.util.EventListener[0]
      logger = class com.ibm.ws.logging.internal.WsLogger@4341e91f
      CLASS_NAME = "com.ibm.ws.webcontainer.util.EventListeners"
      listeners = interface java.util.EventListener[0]
    _filterErrorListeners = class com.ibm.ws.webcontainer.util.EventListeners@17d4ce77
      EMPTY_LISTENERS = interface java.util.EventListener[0]
      logger = class com.ibm.ws.logging.internal.WsLogger@4341e91f
      CLASS_NAME = "com.ibm.ws.webcontainer.util.EventListeners"
      listeners = interface java.util.EventListener[0]
  defaultComponentMetaData = class com.ibm.ws.webcontainer.osgi.metadata.WebComponentMetaDataImpl@39e8b2e2
    j2eeName = class com.ibm.ws.container.service.metadata.internal.J2EENameImpl@15151fc0
      serialVersionUID = 7488184044073147667
      application = "Pokedex-1.0"
      module = "Pokedex-1.0.war"
      component = null
      string = "Pokedex-1.0#Pokedex-1.0.war"
      j2eeNameBytes = null
      $$$tc$$$ = class com.ibm.websphere.ras.TraceComponent@6cd57568
    webModuleMetaData = class com.ibm.ws.webcontainer.osgi.metadata.WebModuleMetaDataImpl@34dd0396
    mBeanServiceReg = null
    tc = class com.ibm.websphere.ras.TraceComponent@b1c83f2
      strings[0] = "TraceComponent[com.ibm.ws.runtime.metadata.MetaDataImpl,class com.ibm.ws.runtime.metadata.MetaDataImpl,[Runtime],null,null]"
    NUM_STATIC_SLOTS = 4
    ID_UNINITIALIZED = -1
    id = 1
    metaDataInterface = class java.lang.Class@58e05756
      ANNOTATION = "/* Could not access ANNOTATION */"
      ENUM = "/* Could not access ENUM */"
      SYNTHETIC = "/* Could not access SYNTHETIC */"
      EMPTY_CLASS_DESC_ARRAY = "/* Could not access EMPTY_CLASS_DESC_ARRAY */"
      cachedConstructor = "/* Could not access cachedConstructor */"
      name = "/* Could not access name */"
      module = "/* Could not access module */"
      packageName = "/* Could not access packageName */"
      componentType = "/* Could not access componentType */"
      allPermDomain = "/* Could not access allPermDomain */"
      reflectionData = "/* Could not access reflectionData */"
      classRedefinedCount = "/* Could not access classRedefinedCount */"
      genericInfo = "/* Could not access genericInfo */"
      EMPTY_CLASS_ARRAY = "/* Could not access EMPTY_CLASS_ARRAY */"
      serialVersionUID = "/* Could not access serialVersionUID */"
      serialPersistentFields = "/* Could not access serialPersistentFields */"
      JAVA_LANG_RECORD_CLASS = "/* Could not access JAVA_LANG_RECORD_CLASS */"
      reflectionFactory = "/* Could not access reflectionFactory */"
      enumConstants = "/* Could not access enumConstants */"
      enumConstantDirectory = "/* Could not access enumConstantDirectory */"
      annotationData = "/* Could not access annotationData */"
      annotationType = "/* Could not access annotationType */"
      classValueMap = "/* Could not access classValueMap */"
    staticSlots = class java.lang.Object[4]
      Object[0] = null
      Object[1] = null
      Object[2] = null
      Object[3] = null
    dynamicSlots = null
  DEFER_SERVLET_REQUEST_LISTENER_DESTROY_ON_ERROR = false

