********************************************************************************
product = Open Liberty 22.0.0.11 (wlp-1.0.70.cl221120221010-1540)
wlp.install.dir = /Users/jakubsachajko/Desktop/jakarta_ee_project/lab_0/target/liberty/wlp/
java.home = /Library/Java/JavaVirtualMachines/adoptopenjdk-15.jdk/Contents/Home
java.version = 15.0.2
java.runtime = OpenJDK Runtime Environment (15.0.2+7)
os = Mac OS X (10.16; x86_64) (pl_PL)
process = 41646@MacBook-Pro-Micha.local
Classpath = /Users/jakubsachajko/Desktop/jakarta_ee_project/lab_0/target/liberty/wlp/bin/tools/ws-server.jar
Java Library path = /Users/jakubsachajko/Library/Java/Extensions:/Library/Java/Extensions:/Network/Library/Java/Extensions:/System/Library/Java/Extensions:/usr/lib/java:.
********************************************************************************
[05.11.2022, 20:27:49:985 CET] 00000001 com.ibm.ws.kernel.launch.internal.FrameworkManager           A CWWKE0001I: Serwer defaultServer został uruchomiony.
[05.11.2022, 20:27:50:650 CET] 00000001 com.ibm.ws.kernel.launch.internal.FrameworkManager           I CWWKE0002I: Jądro zostało uruchomione po 1,189 sek. s
[05.11.2022, 20:27:50:663 CET] 00000025 com.ibm.ws.kernel.feature.internal.FeatureManager            I CWWKF0007I: Uruchomiono aktualizację składnika.
[05.11.2022, 20:27:50:907 CET] 0000001a com.ibm.ws.app.manager.internal.monitor.DropinMonitor        A CWWKZ0058I: Monitorowanie aplikacji w katalogu dropins.
[05.11.2022, 20:27:51:625 CET] 00000031 com.ibm.ws.app.manager.AppMessageHelper                      I CWWKZ0018I: Uruchamianie aplikacji Pokedex-1.0.
[05.11.2022, 20:27:51:627 CET] 00000031 bm.ws.app.manager.war.internal.WARDeployedAppInfoFactoryImpl I CWWKZ0134I: Aplikacja Pokedex-1.0 używa luźnej definicji aplikacji w położeniu /Users/jakubsachajko/Desktop/jakarta_ee_project/lab_0/target/liberty/wlp/usr/servers/defaultServer/dropins/Pokedex-1.0.war.xml.
[05.11.2022, 20:27:52:079 CET] 00000031 com.ibm.ws.session.WASSessionCore                            I SESN8501I: Menedżer sesji nie znalazł położenia trwałej pamięci masowej. Obiekty HttpSession będą zapisywane w pamięci lokalnego serwera aplikacji.
[05.11.2022, 20:27:52:111 CET] 00000031 org.jboss.weld.Version                                       I WELD-000900: 3.1.9 (Final)
[05.11.2022, 20:27:52:672 CET] 00000031 org.jboss.weld.Event                                         I WELD-000411: Observer method [BackedAnnotatedMethod] org.apache.myfaces.cdi.JsfArtifactProducerExtension.processAnnotatedType(@Observes ProcessAnnotatedType<T>, BeanManager) receives events for all annotated types. Consider restricting events using @WithAnnotations or a generic type with bounds.
[05.11.2022, 20:27:52:690 CET] 00000031 org.jboss.weld.Event                                         I WELD-000411: Observer method [BackedAnnotatedMethod] org.apache.myfaces.config.annotation.CdiAnnotationProviderExtension.processAnnotatedType(@Observes ProcessAnnotatedType<T>) receives events for all annotated types. Consider restricting events using @WithAnnotations or a generic type with bounds.
[05.11.2022, 20:27:53:124 CET] 00000031 com.ibm.ws.webcontainer.osgi.webapp.WebGroup                 I SRVE0169I: Ładowanie modułu WWW: Pokedex-1.0.
[05.11.2022, 20:27:53:127 CET] 00000031 com.ibm.ws.webcontainer                                      I SRVE0250I: Moduł WWW Pokedex-1.0 został powiązany z hostem wirtualnym default_host.
[05.11.2022, 20:27:53:128 CET] 00000031 com.ibm.ws.http.internal.VirtualHostImpl                     A CWWKT0016I: Dostępna aplikacja WWW (default_host): http://localhost:9080/pokedex/
[05.11.2022, 20:27:53:146 CET] 00000028 com.ibm.ws.session.WASSessionCore                            I SESN0176I: W odniesieniu do klucza aplikacji default_host/pokedex zostanie utworzony nowy kontekst sesji.
[05.11.2022, 20:27:53:154 CET] 00000028 com.ibm.ws.util                                              I SESN0172I: Menedżer sesji korzysta przy generowaniu identyfikatora sesji z domyślnej implementacji klasy SecureRandom języka Java.
[05.11.2022, 20:27:53:162 CET] 00000029 com.ibm.ws.webcontainer.osgi.mbeans.PluginGenerator          I SRVE9103I: Automatycznie wygenerowano plik konfiguracyjny wtyczki serwera WWW dla tego serwera w katalogu /Users/jakubsachajko/Desktop/jakarta_ee_project/lab_0/target/liberty/wlp/usr/servers/defaultServer/logs/state/plugin-cfg.xml.
[05.11.2022, 20:27:53:230 CET] 00000028 org.apache.myfaces.ee.MyFacesContainerInitializer            I Using org.apache.myfaces.ee.MyFacesContainerInitializer
[05.11.2022, 20:27:53:315 CET] 00000028 com.ibm.ws.webcontainer.webapp                               E SRVE0293E: [Błąd serwletu]-[Failed to load listener: configuration.CreateServices]: java.lang.ClassNotFoundException: configuration.CreateServices
	at com.ibm.ws.classloading.internal.UnifiedClassLoader.findClass(UnifiedClassLoader.java:165)
	at com.ibm.ws.classloading.internal.ThreadContextClassLoader.findClass(ThreadContextClassLoader.java:143)
	at com.ibm.ws.classloading.internal.UnifiedClassLoader.loadClass0(UnifiedClassLoader.java:139)
	at com.ibm.ws.classloading.internal.UnifiedClassLoader$Delegation.loadClass(UnifiedClassLoader.java:85)
	at com.ibm.ws.classloading.internal.UnifiedClassLoader.loadClass(UnifiedClassLoader.java:104)
	at java.base/java.lang.ClassLoader.loadClass(ClassLoader.java:522)
	at com.ibm.ws.webcontainer.osgi.webapp.WebApp.loadListener(WebApp.java:813)
	at com.ibm.ws.webcontainer.webapp.WebApp.loadLifecycleListeners(WebApp.java:2292)
	at com.ibm.ws.webcontainer.webapp.WebApp.initialize(WebApp.java:1036)
	at com.ibm.ws.webcontainer.webapp.WebApp.initialize(WebApp.java:6684)
	at com.ibm.ws.webcontainer.osgi.DynamicVirtualHost.startWebApp(DynamicVirtualHost.java:472)
	at com.ibm.ws.webcontainer.osgi.DynamicVirtualHost.startWebApplication(DynamicVirtualHost.java:467)
	at com.ibm.ws.webcontainer.osgi.WebContainer.startWebApplication(WebContainer.java:1188)
	at com.ibm.ws.webcontainer.osgi.WebContainer.access$100(WebContainer.java:111)
	at com.ibm.ws.webcontainer.osgi.WebContainer$3.run(WebContainer.java:985)
	at com.ibm.ws.threading.internal.ExecutorServiceImpl$RunnableWrapper.run(ExecutorServiceImpl.java:245)
	at java.base/java.util.concurrent.Executors$RunnableAdapter.call(Executors.java:515)
	at java.base/java.util.concurrent.FutureTask.run(FutureTask.java:264)
	at java.base/java.util.concurrent.ThreadPoolExecutor.runWorker(ThreadPoolExecutor.java:1130)
	at java.base/java.util.concurrent.ThreadPoolExecutor$Worker.run(ThreadPoolExecutor.java:630)
	at java.base/java.lang.Thread.run(Thread.java:832)

[05.11.2022, 20:27:53:472 CET] 00000028 SystemOut                                                    O Pokemon(super=classes.Pokemon@cadd68b7, name=Charizard, specialAbility=SMASH, power=2137.0, rarity=epic, type=Type(super=classes.Type@77ce71b8, typeName=Ogien, multiplier=48.0, combatList=weak, pokemons=[]))
[05.11.2022, 20:27:53:489 CET] 00000028 SystemOut                                                    O Pokemon(super=classes.Pokemon@9dd7a635, name=pikachu, specialAbility=electrocute, power=650.0, rarity=legendary, type=Type(super=classes.Type@42abda8d, typeName=Ogien, multiplier=48.0, combatList=weak, pokemons=[Pokemon(super=classes.Pokemon@cadd68b7, name=Charizard, specialAbility=SMASH, power=2137.0, rarity=epic, type=Type(super=classes.Type@77ce71b8, typeName=Ogien, multiplier=48.0, combatList=weak, pokemons=[]))]))
[05.11.2022, 20:27:53:502 CET] 00000028 SystemOut                                                    O Pokemon(super=classes.Pokemon@8def134c, name=squirtle, specialAbility=water_punch, power=220.0, rarity=common, type=Type(super=classes.Type@86bb595f, typeName=Ziemia, multiplier=23.0, combatList=neutral, pokemons=[Pokemon(super=classes.Pokemon@cadd68b7, name=Charizard, specialAbility=SMASH, power=2137.0, rarity=epic, type=Type(super=classes.Type@77ce71b8, typeName=Ogien, multiplier=48.0, combatList=weak, pokemons=[])), Pokemon(super=classes.Pokemon@9dd7a635, name=pikachu, specialAbility=electrocute, power=650.0, rarity=legendary, type=Type(super=classes.Type@42abda8d, typeName=Ogien, multiplier=48.0, combatList=weak, pokemons=[Pokemon(super=classes.Pokemon@cadd68b7, name=Charizard, specialAbility=SMASH, power=2137.0, rarity=epic, type=Type(super=classes.Type@77ce71b8, typeName=Ogien, multiplier=48.0, combatList=weak, pokemons=[]))]))]))
[05.11.2022, 20:27:53:526 CET] 00000028 SystemOut                                                    O Pokemon(super=classes.Pokemon@50024bdb, name=turtwig, specialAbility=ground_hog, power=120.0, rarity=uncommon, type=Type(super=classes.Type@bad9bf65, typeName=Woda, multiplier=34.5, combatList=strong, pokemons=[Pokemon(super=classes.Pokemon@cadd68b7, name=Charizard, specialAbility=SMASH, power=2137.0, rarity=epic, type=Type(super=classes.Type@77ce71b8, typeName=Ogien, multiplier=48.0, combatList=weak, pokemons=[])), Pokemon(super=classes.Pokemon@9dd7a635, name=pikachu, specialAbility=electrocute, power=650.0, rarity=legendary, type=Type(super=classes.Type@42abda8d, typeName=Ogien, multiplier=48.0, combatList=weak, pokemons=[Pokemon(super=classes.Pokemon@cadd68b7, name=Charizard, specialAbility=SMASH, power=2137.0, rarity=epic, type=Type(super=classes.Type@77ce71b8, typeName=Ogien, multiplier=48.0, combatList=weak, pokemons=[]))])), Pokemon(super=classes.Pokemon@8def134c, name=squirtle, specialAbility=water_punch, power=220.0, rarity=common, type=Type(super=classes.Type@86bb595f, typeName=Ziemia, multiplier=23.0, combatList=neutral, pokemons=[Pokemon(super=classes.Pokemon@cadd68b7, name=Charizard, specialAbility=SMASH, power=2137.0, rarity=epic, type=Type(super=classes.Type@77ce71b8, typeName=Ogien, multiplier=48.0, combatList=weak, pokemons=[])), Pokemon(super=classes.Pokemon@9dd7a635, name=pikachu, specialAbility=electrocute, power=650.0, rarity=legendary, type=Type(super=classes.Type@42abda8d, typeName=Ogien, multiplier=48.0, combatList=weak, pokemons=[Pokemon(super=classes.Pokemon@cadd68b7, name=Charizard, specialAbility=SMASH, power=2137.0, rarity=epic, type=Type(super=classes.Type@77ce71b8, typeName=Ogien, multiplier=48.0, combatList=weak, pokemons=[]))]))]))]))
[05.11.2022, 20:27:53:589 CET] 00000028 com.ibm.ws.app.manager.AppMessageHelper                      A CWWKZ0001I: Aplikacja Pokedex-1.0 została uruchomiona w ciągu 1,963 sek.
[05.11.2022, 20:27:53:609 CET] 00000025 com.ibm.ws.tcpchannel.internal.TCPPort                       I CWWKO0219I: Kanał TCP defaultHttpEndpoint został uruchomiony i obecnie nasłuchuje żądań na hoście localhost  (IPv4: 127.0.0.1) (port 9080).
[05.11.2022, 20:27:53:616 CET] 00000025 com.ibm.ws.kernel.feature.internal.FeatureManager            A CWWKF0012I: Serwer został zainstalowany z następującymi składnikami: [cdi-2.0, el-3.0, jaxrs-2.1, jaxrsClient-2.1, jndi-1.0, jsf-2.3, jsonb-1.0, jsonp-1.1, jsp-2.3, servlet-4.0].
[05.11.2022, 20:27:53:617 CET] 00000025 com.ibm.ws.kernel.feature.internal.FeatureManager            I CWWKF0008I: Aktualizacja składnika została zakończona po 2,967 sek.
[05.11.2022, 20:27:53:617 CET] 00000025 com.ibm.ws.kernel.feature.internal.FeatureManager            A CWWKF0011I: Serwer defaultServer jest gotowy do działania w trybie Mądrzejszy Świat. Serwer defaultServer został uruchomiony w ciągu 4,157 sekund.
[05.11.2022, 20:27:58:356 CET] 00000028 com.ibm.ws.http.internal.VirtualHostImpl                     A CWWKT0017I: Usunięta aplikacja WWW (default_host): http://localhost:9080/pokedex/
[05.11.2022, 20:27:58:386 CET] 00000028 com.ibm.ws.app.manager.AppMessageHelper                      A CWWKZ0009I: Aplikacja Pokedex-1.0 została zatrzymana pomyślnie.
[05.11.2022, 20:27:58:392 CET] 00000028 com.ibm.ws.app.manager.AppMessageHelper                      I CWWKZ0018I: Uruchamianie aplikacji Pokedex-1.0.
[05.11.2022, 20:27:58:392 CET] 00000028 bm.ws.app.manager.war.internal.WARDeployedAppInfoFactoryImpl I CWWKZ0134I: Aplikacja Pokedex-1.0 używa luźnej definicji aplikacji w położeniu /Users/jakubsachajko/Desktop/jakarta_ee_project/lab_0/target/liberty/wlp/usr/servers/defaultServer/dropins/Pokedex-1.0.war.xml.
[05.11.2022, 20:27:58:673 CET] 00000025 com.ibm.ws.webcontainer.osgi.mbeans.PluginGenerator          I SRVE9103I: Automatycznie wygenerowano plik konfiguracyjny wtyczki serwera WWW dla tego serwera w katalogu /Users/jakubsachajko/Desktop/jakarta_ee_project/lab_0/target/liberty/wlp/usr/servers/defaultServer/logs/state/plugin-cfg.xml.
[05.11.2022, 20:27:58:755 CET] 00000028 org.jboss.weld.Event                                         I WELD-000411: Observer method [BackedAnnotatedMethod] org.apache.myfaces.cdi.JsfArtifactProducerExtension.processAnnotatedType(@Observes ProcessAnnotatedType<T>, BeanManager) receives events for all annotated types. Consider restricting events using @WithAnnotations or a generic type with bounds.
[05.11.2022, 20:27:58:756 CET] 00000028 org.jboss.weld.Event                                         I WELD-000411: Observer method [BackedAnnotatedMethod] org.apache.myfaces.config.annotation.CdiAnnotationProviderExtension.processAnnotatedType(@Observes ProcessAnnotatedType<T>) receives events for all annotated types. Consider restricting events using @WithAnnotations or a generic type with bounds.
[05.11.2022, 20:27:58:883 CET] 00000028 com.ibm.ws.webcontainer.osgi.webapp.WebGroup                 I SRVE0169I: Ładowanie modułu WWW: Pokedex-1.0.
[05.11.2022, 20:27:58:883 CET] 00000028 com.ibm.ws.webcontainer                                      I SRVE0250I: Moduł WWW Pokedex-1.0 został powiązany z hostem wirtualnym default_host.
[05.11.2022, 20:27:58:884 CET] 00000028 com.ibm.ws.http.internal.VirtualHostImpl                     A CWWKT0016I: Dostępna aplikacja WWW (default_host): http://localhost:9080/pokedex/
[05.11.2022, 20:27:58:885 CET] 00000028 com.ibm.ws.session.WASSessionCore                            I SESN0176I: W odniesieniu do klucza aplikacji default_host/pokedex zostanie utworzony nowy kontekst sesji.
[05.11.2022, 20:27:58:885 CET] 00000028 com.ibm.ws.util                                              I SESN0172I: Menedżer sesji korzysta przy generowaniu identyfikatora sesji z domyślnej implementacji klasy SecureRandom języka Java.
[05.11.2022, 20:27:58:906 CET] 0000002e com.ibm.ws.webcontainer.osgi.mbeans.PluginGenerator          I SRVE9103I: Automatycznie wygenerowano plik konfiguracyjny wtyczki serwera WWW dla tego serwera w katalogu /Users/jakubsachajko/Desktop/jakarta_ee_project/lab_0/target/liberty/wlp/usr/servers/defaultServer/logs/state/plugin-cfg.xml.
[05.11.2022, 20:27:58:921 CET] 00000028 org.apache.myfaces.ee.MyFacesContainerInitializer            I Using org.apache.myfaces.ee.MyFacesContainerInitializer
[05.11.2022, 20:27:58:935 CET] 00000028 com.ibm.ws.webcontainer.webapp                               E SRVE0293E: [Błąd serwletu]-[Failed to load listener: configuration.CreateServices]: java.lang.ClassNotFoundException: configuration.CreateServices
	at com.ibm.ws.classloading.internal.UnifiedClassLoader.findClass(UnifiedClassLoader.java:165)
	at com.ibm.ws.classloading.internal.ThreadContextClassLoader.findClass(ThreadContextClassLoader.java:143)
	at com.ibm.ws.classloading.internal.UnifiedClassLoader.loadClass0(UnifiedClassLoader.java:139)
	at com.ibm.ws.classloading.internal.UnifiedClassLoader$Delegation.loadClass(UnifiedClassLoader.java:85)
	at com.ibm.ws.classloading.internal.UnifiedClassLoader.loadClass(UnifiedClassLoader.java:104)
	at java.base/java.lang.ClassLoader.loadClass(ClassLoader.java:522)
	at com.ibm.ws.webcontainer.osgi.webapp.WebApp.loadListener(WebApp.java:813)
	at com.ibm.ws.webcontainer.webapp.WebApp.loadLifecycleListeners(WebApp.java:2292)
	at com.ibm.ws.webcontainer.webapp.WebApp.initialize(WebApp.java:1036)
	at com.ibm.ws.webcontainer.webapp.WebApp.initialize(WebApp.java:6684)
	at com.ibm.ws.webcontainer.osgi.DynamicVirtualHost.startWebApp(DynamicVirtualHost.java:472)
	at com.ibm.ws.webcontainer.osgi.DynamicVirtualHost.startWebApplication(DynamicVirtualHost.java:467)
	at com.ibm.ws.webcontainer.osgi.WebContainer.startWebApplication(WebContainer.java:1188)
	at com.ibm.ws.webcontainer.osgi.WebContainer.access$100(WebContainer.java:111)
	at com.ibm.ws.webcontainer.osgi.WebContainer$3.run(WebContainer.java:985)
	at com.ibm.ws.threading.internal.ExecutorServiceImpl$RunnableWrapper.run(ExecutorServiceImpl.java:245)
	at java.base/java.util.concurrent.Executors$RunnableAdapter.call(Executors.java:515)
	at java.base/java.util.concurrent.FutureTask.run(FutureTask.java:264)
	at java.base/java.util.concurrent.ThreadPoolExecutor.runWorker(ThreadPoolExecutor.java:1130)
	at java.base/java.util.concurrent.ThreadPoolExecutor$Worker.run(ThreadPoolExecutor.java:630)
	at java.base/java.lang.Thread.run(Thread.java:832)

[05.11.2022, 20:27:58:968 CET] 00000028 SystemOut                                                    O Pokemon(super=classes.Pokemon@b8b8f11f, name=Charizard, specialAbility=SMASH, power=2137.0, rarity=epic, type=Type(super=classes.Type@c12952a8, typeName=Ogien, multiplier=48.0, combatList=weak, pokemons=[]))
[05.11.2022, 20:27:58:976 CET] 00000028 SystemOut                                                    O Pokemon(super=classes.Pokemon@e3f2ebb0, name=pikachu, specialAbility=electrocute, power=650.0, rarity=legendary, type=Type(super=classes.Type@79e243e5, typeName=Ogien, multiplier=48.0, combatList=weak, pokemons=[Pokemon(super=classes.Pokemon@b8b8f11f, name=Charizard, specialAbility=SMASH, power=2137.0, rarity=epic, type=Type(super=classes.Type@c12952a8, typeName=Ogien, multiplier=48.0, combatList=weak, pokemons=[]))]))
[05.11.2022, 20:27:58:987 CET] 00000028 SystemOut                                                    O Pokemon(super=classes.Pokemon@65cc77f6, name=squirtle, specialAbility=water_punch, power=220.0, rarity=common, type=Type(super=classes.Type@3ac38608, typeName=Ziemia, multiplier=23.0, combatList=neutral, pokemons=[Pokemon(super=classes.Pokemon@b8b8f11f, name=Charizard, specialAbility=SMASH, power=2137.0, rarity=epic, type=Type(super=classes.Type@c12952a8, typeName=Ogien, multiplier=48.0, combatList=weak, pokemons=[])), Pokemon(super=classes.Pokemon@e3f2ebb0, name=pikachu, specialAbility=electrocute, power=650.0, rarity=legendary, type=Type(super=classes.Type@79e243e5, typeName=Ogien, multiplier=48.0, combatList=weak, pokemons=[Pokemon(super=classes.Pokemon@b8b8f11f, name=Charizard, specialAbility=SMASH, power=2137.0, rarity=epic, type=Type(super=classes.Type@c12952a8, typeName=Ogien, multiplier=48.0, combatList=weak, pokemons=[]))]))]))
[05.11.2022, 20:27:59:001 CET] 00000028 SystemOut                                                    O Pokemon(super=classes.Pokemon@4f9821a0, name=turtwig, specialAbility=ground_hog, power=120.0, rarity=uncommon, type=Type(super=classes.Type@8d332399, typeName=Woda, multiplier=34.5, combatList=strong, pokemons=[Pokemon(super=classes.Pokemon@b8b8f11f, name=Charizard, specialAbility=SMASH, power=2137.0, rarity=epic, type=Type(super=classes.Type@c12952a8, typeName=Ogien, multiplier=48.0, combatList=weak, pokemons=[])), Pokemon(super=classes.Pokemon@e3f2ebb0, name=pikachu, specialAbility=electrocute, power=650.0, rarity=legendary, type=Type(super=classes.Type@79e243e5, typeName=Ogien, multiplier=48.0, combatList=weak, pokemons=[Pokemon(super=classes.Pokemon@b8b8f11f, name=Charizard, specialAbility=SMASH, power=2137.0, rarity=epic, type=Type(super=classes.Type@c12952a8, typeName=Ogien, multiplier=48.0, combatList=weak, pokemons=[]))])), Pokemon(super=classes.Pokemon@65cc77f6, name=squirtle, specialAbility=water_punch, power=220.0, rarity=common, type=Type(super=classes.Type@3ac38608, typeName=Ziemia, multiplier=23.0, combatList=neutral, pokemons=[Pokemon(super=classes.Pokemon@b8b8f11f, name=Charizard, specialAbility=SMASH, power=2137.0, rarity=epic, type=Type(super=classes.Type@c12952a8, typeName=Ogien, multiplier=48.0, combatList=weak, pokemons=[])), Pokemon(super=classes.Pokemon@e3f2ebb0, name=pikachu, specialAbility=electrocute, power=650.0, rarity=legendary, type=Type(super=classes.Type@79e243e5, typeName=Ogien, multiplier=48.0, combatList=weak, pokemons=[Pokemon(super=classes.Pokemon@b8b8f11f, name=Charizard, specialAbility=SMASH, power=2137.0, rarity=epic, type=Type(super=classes.Type@c12952a8, typeName=Ogien, multiplier=48.0, combatList=weak, pokemons=[]))]))]))]))
[05.11.2022, 20:27:59:038 CET] 00000028 com.ibm.ws.app.manager.AppMessageHelper                      A CWWKZ0003I: Aplikacja Pokedex-1.0 została zaktualizowana w ciągu 0,646 sek.
[05.11.2022, 20:29:42:972 CET] 00000030 com.ibm.ws.http.internal.VirtualHostImpl                     A CWWKT0017I: Usunięta aplikacja WWW (default_host): http://localhost:9080/pokedex/
[05.11.2022, 20:29:42:978 CET] 00000030 com.ibm.ws.app.manager.AppMessageHelper                      A CWWKZ0009I: Aplikacja Pokedex-1.0 została zatrzymana pomyślnie.
[05.11.2022, 20:29:42:984 CET] 00000030 com.ibm.ws.app.manager.AppMessageHelper                      I CWWKZ0018I: Uruchamianie aplikacji Pokedex-1.0.
[05.11.2022, 20:29:42:984 CET] 00000030 bm.ws.app.manager.war.internal.WARDeployedAppInfoFactoryImpl I CWWKZ0134I: Aplikacja Pokedex-1.0 używa luźnej definicji aplikacji w położeniu /Users/jakubsachajko/Desktop/jakarta_ee_project/lab_0/target/liberty/wlp/usr/servers/defaultServer/dropins/Pokedex-1.0.war.xml.
[05.11.2022, 20:29:43:001 CET] 00000029 com.ibm.ws.webcontainer.osgi.mbeans.PluginGenerator          I SRVE9103I: Automatycznie wygenerowano plik konfiguracyjny wtyczki serwera WWW dla tego serwera w katalogu /Users/jakubsachajko/Desktop/jakarta_ee_project/lab_0/target/liberty/wlp/usr/servers/defaultServer/logs/state/plugin-cfg.xml.
[05.11.2022, 20:29:43:254 CET] 00000030 org.jboss.weld.Event                                         I WELD-000411: Observer method [BackedAnnotatedMethod] org.apache.myfaces.cdi.JsfArtifactProducerExtension.processAnnotatedType(@Observes ProcessAnnotatedType<T>, BeanManager) receives events for all annotated types. Consider restricting events using @WithAnnotations or a generic type with bounds.
[05.11.2022, 20:29:43:257 CET] 00000030 org.jboss.weld.Event                                         I WELD-000411: Observer method [BackedAnnotatedMethod] org.apache.myfaces.config.annotation.CdiAnnotationProviderExtension.processAnnotatedType(@Observes ProcessAnnotatedType<T>) receives events for all annotated types. Consider restricting events using @WithAnnotations or a generic type with bounds.
[05.11.2022, 20:29:43:346 CET] 00000030 com.ibm.ws.webcontainer.osgi.webapp.WebGroup                 I SRVE0169I: Ładowanie modułu WWW: Pokedex-1.0.
[05.11.2022, 20:29:43:346 CET] 00000030 com.ibm.ws.webcontainer                                      I SRVE0250I: Moduł WWW Pokedex-1.0 został powiązany z hostem wirtualnym default_host.
[05.11.2022, 20:29:43:346 CET] 00000030 com.ibm.ws.http.internal.VirtualHostImpl                     A CWWKT0016I: Dostępna aplikacja WWW (default_host): http://localhost:9080/pokedex/
[05.11.2022, 20:29:43:347 CET] 0000002e com.ibm.ws.session.WASSessionCore                            I SESN0176I: W odniesieniu do klucza aplikacji default_host/pokedex zostanie utworzony nowy kontekst sesji.
[05.11.2022, 20:29:43:347 CET] 0000002e com.ibm.ws.util                                              I SESN0172I: Menedżer sesji korzysta przy generowaniu identyfikatora sesji z domyślnej implementacji klasy SecureRandom języka Java.
[05.11.2022, 20:29:43:367 CET] 00000027 com.ibm.ws.webcontainer.osgi.mbeans.PluginGenerator          I SRVE9103I: Automatycznie wygenerowano plik konfiguracyjny wtyczki serwera WWW dla tego serwera w katalogu /Users/jakubsachajko/Desktop/jakarta_ee_project/lab_0/target/liberty/wlp/usr/servers/defaultServer/logs/state/plugin-cfg.xml.
[05.11.2022, 20:29:43:377 CET] 0000002e org.apache.myfaces.ee.MyFacesContainerInitializer            I Using org.apache.myfaces.ee.MyFacesContainerInitializer
[05.11.2022, 20:29:43:414 CET] 0000002e com.ibm.ws.webcontainer.webapp                               E SRVE0293E: [Błąd serwletu]-[Failed to load listener: configuration.CreateServices]: java.lang.ClassNotFoundException: configuration.CreateServices
	at com.ibm.ws.classloading.internal.UnifiedClassLoader.findClass(UnifiedClassLoader.java:165)
	at com.ibm.ws.classloading.internal.ThreadContextClassLoader.findClass(ThreadContextClassLoader.java:143)
	at com.ibm.ws.classloading.internal.UnifiedClassLoader.loadClass0(UnifiedClassLoader.java:139)
	at com.ibm.ws.classloading.internal.UnifiedClassLoader$Delegation.loadClass(UnifiedClassLoader.java:85)
	at com.ibm.ws.classloading.internal.UnifiedClassLoader.loadClass(UnifiedClassLoader.java:104)
	at java.base/java.lang.ClassLoader.loadClass(ClassLoader.java:522)
	at com.ibm.ws.webcontainer.osgi.webapp.WebApp.loadListener(WebApp.java:813)
	at com.ibm.ws.webcontainer.webapp.WebApp.loadLifecycleListeners(WebApp.java:2292)
	at com.ibm.ws.webcontainer.webapp.WebApp.initialize(WebApp.java:1036)
	at com.ibm.ws.webcontainer.webapp.WebApp.initialize(WebApp.java:6684)
	at com.ibm.ws.webcontainer.osgi.DynamicVirtualHost.startWebApp(DynamicVirtualHost.java:472)
	at com.ibm.ws.webcontainer.osgi.DynamicVirtualHost.startWebApplication(DynamicVirtualHost.java:467)
	at com.ibm.ws.webcontainer.osgi.WebContainer.startWebApplication(WebContainer.java:1188)
	at com.ibm.ws.webcontainer.osgi.WebContainer.access$100(WebContainer.java:111)
	at com.ibm.ws.webcontainer.osgi.WebContainer$3.run(WebContainer.java:985)
	at com.ibm.ws.threading.internal.ExecutorServiceImpl$RunnableWrapper.run(ExecutorServiceImpl.java:245)
	at java.base/java.util.concurrent.Executors$RunnableAdapter.call(Executors.java:515)
	at java.base/java.util.concurrent.FutureTask.run(FutureTask.java:264)
	at java.base/java.util.concurrent.ThreadPoolExecutor.runWorker(ThreadPoolExecutor.java:1130)
	at java.base/java.util.concurrent.ThreadPoolExecutor$Worker.run(ThreadPoolExecutor.java:630)
	at java.base/java.lang.Thread.run(Thread.java:832)

[05.11.2022, 20:29:43:442 CET] 0000002e SystemOut                                                    O Pokemon(super=classes.Pokemon@2bb47f9c, name=Charizard, specialAbility=SMASH, power=2137.0, rarity=epic, type=Type(super=classes.Type@4d1fdeb9, typeName=Ogien, multiplier=48.0, combatList=weak, pokemons=[]))
[05.11.2022, 20:29:43:450 CET] 0000002e SystemOut                                                    O Pokemon(super=classes.Pokemon@e847aa40, name=pikachu, specialAbility=electrocute, power=650.0, rarity=legendary, type=Type(super=classes.Type@78d45e73, typeName=Ogien, multiplier=48.0, combatList=weak, pokemons=[Pokemon(super=classes.Pokemon@2bb47f9c, name=Charizard, specialAbility=SMASH, power=2137.0, rarity=epic, type=Type(super=classes.Type@4d1fdeb9, typeName=Ogien, multiplier=48.0, combatList=weak, pokemons=[]))]))
[05.11.2022, 20:29:43:457 CET] 0000002e SystemOut                                                    O Pokemon(super=classes.Pokemon@c8b60381, name=squirtle, specialAbility=water_punch, power=220.0, rarity=common, type=Type(super=classes.Type@eca86c7c, typeName=Ziemia, multiplier=23.0, combatList=neutral, pokemons=[]))
[05.11.2022, 20:29:43:460 CET] 0000002e SystemOut                                                    O Pokemon(super=classes.Pokemon@efe87abf, name=turtwig, specialAbility=ground_hog, power=120.0, rarity=uncommon, type=Type(super=classes.Type@de788176, typeName=Woda, multiplier=34.5, combatList=strong, pokemons=[]))
[05.11.2022, 20:29:43:475 CET] 0000002e com.ibm.ws.app.manager.AppMessageHelper                      A CWWKZ0003I: Aplikacja Pokedex-1.0 została zaktualizowana w ciągu 0,491 sek.
[05.11.2022, 20:29:47:993 CET] 0000002f com.ibm.ws.http.internal.VirtualHostImpl                     A CWWKT0017I: Usunięta aplikacja WWW (default_host): http://localhost:9080/pokedex/
[05.11.2022, 20:29:48:005 CET] 0000002f com.ibm.ws.app.manager.AppMessageHelper                      A CWWKZ0009I: Aplikacja Pokedex-1.0 została zatrzymana pomyślnie.
[05.11.2022, 20:29:48:009 CET] 0000002f com.ibm.ws.app.manager.AppMessageHelper                      I CWWKZ0018I: Uruchamianie aplikacji Pokedex-1.0.
[05.11.2022, 20:29:48:009 CET] 0000002f bm.ws.app.manager.war.internal.WARDeployedAppInfoFactoryImpl I CWWKZ0134I: Aplikacja Pokedex-1.0 używa luźnej definicji aplikacji w położeniu /Users/jakubsachajko/Desktop/jakarta_ee_project/lab_0/target/liberty/wlp/usr/servers/defaultServer/dropins/Pokedex-1.0.war.xml.
[05.11.2022, 20:29:48:020 CET] 0000002e com.ibm.ws.webcontainer.osgi.mbeans.PluginGenerator          I SRVE9103I: Automatycznie wygenerowano plik konfiguracyjny wtyczki serwera WWW dla tego serwera w katalogu /Users/jakubsachajko/Desktop/jakarta_ee_project/lab_0/target/liberty/wlp/usr/servers/defaultServer/logs/state/plugin-cfg.xml.
[05.11.2022, 20:29:48:280 CET] 0000002f org.jboss.weld.Event                                         I WELD-000411: Observer method [BackedAnnotatedMethod] org.apache.myfaces.config.annotation.CdiAnnotationProviderExtension.processAnnotatedType(@Observes ProcessAnnotatedType<T>) receives events for all annotated types. Consider restricting events using @WithAnnotations or a generic type with bounds.
[05.11.2022, 20:29:48:283 CET] 0000002f org.jboss.weld.Event                                         I WELD-000411: Observer method [BackedAnnotatedMethod] org.apache.myfaces.cdi.JsfArtifactProducerExtension.processAnnotatedType(@Observes ProcessAnnotatedType<T>, BeanManager) receives events for all annotated types. Consider restricting events using @WithAnnotations or a generic type with bounds.
[05.11.2022, 20:29:48:355 CET] 0000002f com.ibm.ws.webcontainer.osgi.webapp.WebGroup                 I SRVE0169I: Ładowanie modułu WWW: Pokedex-1.0.
[05.11.2022, 20:29:48:355 CET] 0000002f com.ibm.ws.webcontainer                                      I SRVE0250I: Moduł WWW Pokedex-1.0 został powiązany z hostem wirtualnym default_host.
[05.11.2022, 20:29:48:356 CET] 0000002f com.ibm.ws.http.internal.VirtualHostImpl                     A CWWKT0016I: Dostępna aplikacja WWW (default_host): http://localhost:9080/pokedex/
[05.11.2022, 20:29:48:356 CET] 00000028 com.ibm.ws.session.WASSessionCore                            I SESN0176I: W odniesieniu do klucza aplikacji default_host/pokedex zostanie utworzony nowy kontekst sesji.
[05.11.2022, 20:29:48:356 CET] 00000028 com.ibm.ws.util                                              I SESN0172I: Menedżer sesji korzysta przy generowaniu identyfikatora sesji z domyślnej implementacji klasy SecureRandom języka Java.
[05.11.2022, 20:29:48:374 CET] 00000027 com.ibm.ws.webcontainer.osgi.mbeans.PluginGenerator          I SRVE9103I: Automatycznie wygenerowano plik konfiguracyjny wtyczki serwera WWW dla tego serwera w katalogu /Users/jakubsachajko/Desktop/jakarta_ee_project/lab_0/target/liberty/wlp/usr/servers/defaultServer/logs/state/plugin-cfg.xml.
[05.11.2022, 20:29:48:380 CET] 00000028 org.apache.myfaces.ee.MyFacesContainerInitializer            I Using org.apache.myfaces.ee.MyFacesContainerInitializer
[05.11.2022, 20:29:48:390 CET] 00000028 com.ibm.ws.webcontainer.webapp                               E SRVE0293E: [Błąd serwletu]-[Failed to load listener: configuration.CreateServices]: java.lang.ClassNotFoundException: configuration.CreateServices
	at com.ibm.ws.classloading.internal.UnifiedClassLoader.findClass(UnifiedClassLoader.java:165)
	at com.ibm.ws.classloading.internal.ThreadContextClassLoader.findClass(ThreadContextClassLoader.java:143)
	at com.ibm.ws.classloading.internal.UnifiedClassLoader.loadClass0(UnifiedClassLoader.java:139)
	at com.ibm.ws.classloading.internal.UnifiedClassLoader$Delegation.loadClass(UnifiedClassLoader.java:85)
	at com.ibm.ws.classloading.internal.UnifiedClassLoader.loadClass(UnifiedClassLoader.java:104)
	at java.base/java.lang.ClassLoader.loadClass(ClassLoader.java:522)
	at com.ibm.ws.webcontainer.osgi.webapp.WebApp.loadListener(WebApp.java:813)
	at com.ibm.ws.webcontainer.webapp.WebApp.loadLifecycleListeners(WebApp.java:2292)
	at com.ibm.ws.webcontainer.webapp.WebApp.initialize(WebApp.java:1036)
	at com.ibm.ws.webcontainer.webapp.WebApp.initialize(WebApp.java:6684)
	at com.ibm.ws.webcontainer.osgi.DynamicVirtualHost.startWebApp(DynamicVirtualHost.java:472)
	at com.ibm.ws.webcontainer.osgi.DynamicVirtualHost.startWebApplication(DynamicVirtualHost.java:467)
	at com.ibm.ws.webcontainer.osgi.WebContainer.startWebApplication(WebContainer.java:1188)
	at com.ibm.ws.webcontainer.osgi.WebContainer.access$100(WebContainer.java:111)
	at com.ibm.ws.webcontainer.osgi.WebContainer$3.run(WebContainer.java:985)
	at com.ibm.ws.threading.internal.ExecutorServiceImpl$RunnableWrapper.run(ExecutorServiceImpl.java:245)
	at java.base/java.util.concurrent.Executors$RunnableAdapter.call(Executors.java:515)
	at java.base/java.util.concurrent.FutureTask.run(FutureTask.java:264)
	at java.base/java.util.concurrent.ThreadPoolExecutor.runWorker(ThreadPoolExecutor.java:1130)
	at java.base/java.util.concurrent.ThreadPoolExecutor$Worker.run(ThreadPoolExecutor.java:630)
	at java.base/java.lang.Thread.run(Thread.java:832)

[05.11.2022, 20:29:48:414 CET] 00000028 SystemOut                                                    O Pokemon(super=classes.Pokemon@b6e0bf19, name=Charizard, specialAbility=SMASH, power=2137.0, rarity=epic, type=Type(super=classes.Type@50a8f0c3, typeName=Ogien, multiplier=48.0, combatList=weak, pokemons=[]))
[05.11.2022, 20:29:48:424 CET] 00000028 SystemOut                                                    O Pokemon(super=classes.Pokemon@8ae851f6, name=pikachu, specialAbility=electrocute, power=650.0, rarity=legendary, type=Type(super=classes.Type@789affa, typeName=Ogien, multiplier=48.0, combatList=weak, pokemons=[Pokemon(super=classes.Pokemon@b6e0bf19, name=Charizard, specialAbility=SMASH, power=2137.0, rarity=epic, type=Type(super=classes.Type@50a8f0c3, typeName=Ogien, multiplier=48.0, combatList=weak, pokemons=[]))]))
[05.11.2022, 20:29:48:429 CET] 00000028 SystemOut                                                    O Pokemon(super=classes.Pokemon@1532f9de, name=squirtle, specialAbility=water_punch, power=220.0, rarity=common, type=Type(super=classes.Type@2ddb307a, typeName=Ziemia, multiplier=23.0, combatList=neutral, pokemons=[]))
[05.11.2022, 20:29:48:434 CET] 00000028 SystemOut                                                    O Pokemon(super=classes.Pokemon@33803431, name=turtwig, specialAbility=ground_hog, power=120.0, rarity=uncommon, type=Type(super=classes.Type@d6259758, typeName=Woda, multiplier=34.5, combatList=strong, pokemons=[]))
[05.11.2022, 20:29:48:448 CET] 00000028 com.ibm.ws.app.manager.AppMessageHelper                      A CWWKZ0003I: Aplikacja Pokedex-1.0 została zaktualizowana w ciągu 0,439 sek.
[05.11.2022, 20:29:57:723 CET] 00000014 com.ibm.ws.kernel.launch.internal.FrameworkManager           A CWWKE0085I: Serwer defaultServer jest zatrzymywany, ponieważ kończone jest działanie maszyny JVM.
[05.11.2022, 20:29:57:728 CET] 00000040 com.ibm.ws.runtime.update.internal.RuntimeUpdateManagerImpl  A CWWKE1100I: Oczekiwanie co najwyżej przez 30 s na wyciszenie serwera.
[05.11.2022, 20:29:57:757 CET] 0000002f com.ibm.ws.tcpchannel.internal.TCPChannel                    I CWWKO0220I: Dla kanału TCP defaultHttpEndpoint zatrzymano nasłuchiwanie żądań na hoście localhost  (IPv4: 127.0.0.1) (port 9080).
[05.11.2022, 20:29:57:758 CET] 0000002f com.ibm.ws.http.internal.VirtualHostImpl                     A CWWKT0017I: Usunięta aplikacja WWW (default_host): http://localhost:9080/pokedex/
[05.11.2022, 20:29:57:982 CET] 00000015 com.ibm.ws.kernel.launch.internal.ServerCommandListener      A CWWKE0055I: Zażądano zamknięcia serwera w dniu sobota, 5 listopada 2022 o godzinie 20:29. Serwer defaultServer jest wyłączany.
[05.11.2022, 20:29:58:775 CET] 00000040 com.ibm.ws.runtime.update.internal.RuntimeUpdateManagerImpl  I CWWKE1101I: Zakończono wyciszanie serwera.
[05.11.2022, 20:29:58:792 CET] 00000025 com.ibm.ws.app.manager.AppMessageHelper                      A CWWKZ0009I: Aplikacja Pokedex-1.0 została zatrzymana pomyślnie.
[05.11.2022, 20:29:59:171 CET] 00000001 com.ibm.ws.kernel.launch.internal.FrameworkManager           A CWWKE0036I: Serwer defaultServer został zatrzymany po 2 min., 9,714 sek..
