********************************************************************************
product = Open Liberty 22.0.0.11 (wlp-1.0.70.cl221120221010-1540)
wlp.install.dir = /Users/jakubsachajko/Desktop/jakarta_ee_project/lab_0/target/liberty/wlp/
java.home = /Library/Java/JavaVirtualMachines/adoptopenjdk-15.jdk/Contents/Home
java.version = 15.0.2
java.runtime = OpenJDK Runtime Environment (15.0.2+7)
os = Mac OS X (10.16; x86_64) (pl_PL)
process = 41714@MacBook-Pro-Micha.local
Classpath = /Users/jakubsachajko/Desktop/jakarta_ee_project/lab_0/target/liberty/wlp/bin/tools/ws-server.jar
Java Library path = /Users/jakubsachajko/Library/Java/Extensions:/Library/Java/Extensions:/Network/Library/Java/Extensions:/System/Library/Java/Extensions:/usr/lib/java:.
********************************************************************************
[05.11.2022, 20:30:05:607 CET] 00000001 com.ibm.ws.kernel.launch.internal.FrameworkManager           A CWWKE0001I: Serwer defaultServer został uruchomiony.
[05.11.2022, 20:30:06:350 CET] 00000001 com.ibm.ws.kernel.launch.internal.FrameworkManager           I CWWKE0002I: Jądro zostało uruchomione po 1,121 sek. s
[05.11.2022, 20:30:06:362 CET] 00000025 com.ibm.ws.kernel.feature.internal.FeatureManager            I CWWKF0007I: Uruchomiono aktualizację składnika.
[05.11.2022, 20:30:06:678 CET] 00000019 com.ibm.ws.app.manager.internal.monitor.DropinMonitor        A CWWKZ0058I: Monitorowanie aplikacji w katalogu dropins.
[05.11.2022, 20:30:07:552 CET] 00000031 com.ibm.ws.app.manager.AppMessageHelper                      I CWWKZ0018I: Uruchamianie aplikacji Pokedex-1.0.
[05.11.2022, 20:30:07:554 CET] 00000031 bm.ws.app.manager.war.internal.WARDeployedAppInfoFactoryImpl I CWWKZ0134I: Aplikacja Pokedex-1.0 używa luźnej definicji aplikacji w położeniu /Users/jakubsachajko/Desktop/jakarta_ee_project/lab_0/target/liberty/wlp/usr/servers/defaultServer/dropins/Pokedex-1.0.war.xml.
[05.11.2022, 20:30:08:036 CET] 00000031 com.ibm.ws.session.WASSessionCore                            I SESN8501I: Menedżer sesji nie znalazł położenia trwałej pamięci masowej. Obiekty HttpSession będą zapisywane w pamięci lokalnego serwera aplikacji.
[05.11.2022, 20:30:08:061 CET] 00000031 org.jboss.weld.Version                                       I WELD-000900: 3.1.9 (Final)
[05.11.2022, 20:30:08:684 CET] 00000031 org.jboss.weld.Event                                         I WELD-000411: Observer method [BackedAnnotatedMethod] org.apache.myfaces.config.annotation.CdiAnnotationProviderExtension.processAnnotatedType(@Observes ProcessAnnotatedType<T>) receives events for all annotated types. Consider restricting events using @WithAnnotations or a generic type with bounds.
[05.11.2022, 20:30:08:699 CET] 00000031 org.jboss.weld.Event                                         I WELD-000411: Observer method [BackedAnnotatedMethod] org.apache.myfaces.cdi.JsfArtifactProducerExtension.processAnnotatedType(@Observes ProcessAnnotatedType<T>, BeanManager) receives events for all annotated types. Consider restricting events using @WithAnnotations or a generic type with bounds.
[05.11.2022, 20:30:09:124 CET] 00000031 com.ibm.ws.webcontainer.osgi.webapp.WebGroup                 I SRVE0169I: Ładowanie modułu WWW: Pokedex-1.0.
[05.11.2022, 20:30:09:129 CET] 00000031 com.ibm.ws.webcontainer                                      I SRVE0250I: Moduł WWW Pokedex-1.0 został powiązany z hostem wirtualnym default_host.
[05.11.2022, 20:30:09:130 CET] 00000031 com.ibm.ws.http.internal.VirtualHostImpl                     A CWWKT0016I: Dostępna aplikacja WWW (default_host): http://localhost:9080/pokedex/
[05.11.2022, 20:30:09:147 CET] 0000002f com.ibm.ws.session.WASSessionCore                            I SESN0176I: W odniesieniu do klucza aplikacji default_host/pokedex zostanie utworzony nowy kontekst sesji.
[05.11.2022, 20:30:09:155 CET] 0000002f com.ibm.ws.util                                              I SESN0172I: Menedżer sesji korzysta przy generowaniu identyfikatora sesji z domyślnej implementacji klasy SecureRandom języka Java.
[05.11.2022, 20:30:09:165 CET] 00000031 com.ibm.ws.webcontainer.osgi.mbeans.PluginGenerator          I SRVE9103I: Automatycznie wygenerowano plik konfiguracyjny wtyczki serwera WWW dla tego serwera w katalogu /Users/jakubsachajko/Desktop/jakarta_ee_project/lab_0/target/liberty/wlp/usr/servers/defaultServer/logs/state/plugin-cfg.xml.
[05.11.2022, 20:30:09:224 CET] 0000002f org.apache.myfaces.ee.MyFacesContainerInitializer            I Using org.apache.myfaces.ee.MyFacesContainerInitializer
[05.11.2022, 20:30:09:299 CET] 0000002f com.ibm.ws.webcontainer.webapp                               E SRVE0293E: [Błąd serwletu]-[Failed to load listener: configuration.CreateServices]: java.lang.ClassNotFoundException: configuration.CreateServices
	at com.ibm.ws.classloading.internal.UnifiedClassLoader.findClass(UnifiedClassLoader.java:165)
	at com.ibm.ws.classloading.internal.ThreadContextClassLoader.findClass(ThreadContextClassLoader.java:143)
	at com.ibm.ws.classloading.internal.UnifiedClassLoader.loadClass0(UnifiedClassLoader.java:139)
	at com.ibm.ws.classloading.internal.UnifiedClassLoader$Delegation.loadClass(UnifiedClassLoader.java:85)
	at com.ibm.ws.classloading.internal.UnifiedClassLoader.loadClass(UnifiedClassLoader.java:104)
	at java.base/java.lang.ClassLoader.loadClass(ClassLoader.java:522)
	at com.ibm.ws.webcontainer.osgi.webapp.WebApp.loadListener(WebApp.java:813)
	at com.ibm.ws.webcontainer.webapp.WebApp.loadLifecycleListeners(WebApp.java:2292)
	at com.ibm.ws.webcontainer.webapp.WebApp.initialize(WebApp.java:1036)
	at com.ibm.ws.webcontainer.webapp.WebApp.initialize(WebApp.java:6684)
	at com.ibm.ws.webcontainer.osgi.DynamicVirtualHost.startWebApp(DynamicVirtualHost.java:472)
	at com.ibm.ws.webcontainer.osgi.DynamicVirtualHost.startWebApplication(DynamicVirtualHost.java:467)
	at com.ibm.ws.webcontainer.osgi.WebContainer.startWebApplication(WebContainer.java:1188)
	at com.ibm.ws.webcontainer.osgi.WebContainer.access$100(WebContainer.java:111)
	at com.ibm.ws.webcontainer.osgi.WebContainer$3.run(WebContainer.java:985)
	at com.ibm.ws.threading.internal.ExecutorServiceImpl$RunnableWrapper.run(ExecutorServiceImpl.java:245)
	at java.base/java.util.concurrent.Executors$RunnableAdapter.call(Executors.java:515)
	at java.base/java.util.concurrent.FutureTask.run(FutureTask.java:264)
	at java.base/java.util.concurrent.ThreadPoolExecutor.runWorker(ThreadPoolExecutor.java:1130)
	at java.base/java.util.concurrent.ThreadPoolExecutor$Worker.run(ThreadPoolExecutor.java:630)
	at java.base/java.lang.Thread.run(Thread.java:832)

[05.11.2022, 20:30:09:452 CET] 0000002f SystemOut                                                    O Pokemon(super=classes.Pokemon@da264470, name=Charizard, specialAbility=SMASH, power=2137.0, rarity=epic, type=Type(super=classes.Type@38344a84, typeName=Ogien, multiplier=48.0, combatList=weak, pokemons=[]))
[05.11.2022, 20:30:09:469 CET] 0000002f SystemOut                                                    O Pokemon(super=classes.Pokemon@caea85ab, name=pikachu, specialAbility=electrocute, power=650.0, rarity=legendary, type=Type(super=classes.Type@125a8f12, typeName=Ogien, multiplier=48.0, combatList=weak, pokemons=[Pokemon(super=classes.Pokemon@da264470, name=Charizard, specialAbility=SMASH, power=2137.0, rarity=epic, type=Type(super=classes.Type@38344a84, typeName=Ogien, multiplier=48.0, combatList=weak, pokemons=[]))]))
[05.11.2022, 20:30:09:481 CET] 0000002f SystemOut                                                    O Pokemon(super=classes.Pokemon@40eb1d8f, name=squirtle, specialAbility=water_punch, power=220.0, rarity=common, type=Type(super=classes.Type@fe02e2de, typeName=Ziemia, multiplier=23.0, combatList=neutral, pokemons=[]))
[05.11.2022, 20:30:09:487 CET] 0000002f SystemOut                                                    O Pokemon(super=classes.Pokemon@cde06bc6, name=turtwig, specialAbility=ground_hog, power=120.0, rarity=uncommon, type=Type(super=classes.Type@a599036c, typeName=Woda, multiplier=34.5, combatList=strong, pokemons=[]))
[05.11.2022, 20:30:09:516 CET] 0000002f com.ibm.ws.app.manager.AppMessageHelper                      A CWWKZ0001I: Aplikacja Pokedex-1.0 została uruchomiona w ciągu 1,964 sek.
[05.11.2022, 20:30:09:530 CET] 00000025 com.ibm.ws.tcpchannel.internal.TCPPort                       I CWWKO0219I: Kanał TCP defaultHttpEndpoint został uruchomiony i obecnie nasłuchuje żądań na hoście localhost  (IPv4: 127.0.0.1) (port 9080).
[05.11.2022, 20:30:09:536 CET] 00000025 com.ibm.ws.kernel.feature.internal.FeatureManager            A CWWKF0012I: Serwer został zainstalowany z następującymi składnikami: [cdi-2.0, el-3.0, jaxrs-2.1, jaxrsClient-2.1, jndi-1.0, jsf-2.3, jsonb-1.0, jsonp-1.1, jsp-2.3, servlet-4.0].
[05.11.2022, 20:30:09:537 CET] 00000025 com.ibm.ws.kernel.feature.internal.FeatureManager            I CWWKF0008I: Aktualizacja składnika została zakończona po 3,188 sek.
[05.11.2022, 20:30:09:538 CET] 00000025 com.ibm.ws.kernel.feature.internal.FeatureManager            A CWWKF0011I: Serwer defaultServer jest gotowy do działania w trybie Mądrzejszy Świat. Serwer defaultServer został uruchomiony w ciągu 4,309 sekund.
[05.11.2022, 20:30:14:769 CET] 00000026 com.ibm.ws.http.internal.VirtualHostImpl                     A CWWKT0017I: Usunięta aplikacja WWW (default_host): http://localhost:9080/pokedex/
[05.11.2022, 20:30:14:791 CET] 00000026 com.ibm.ws.app.manager.AppMessageHelper                      A CWWKZ0009I: Aplikacja Pokedex-1.0 została zatrzymana pomyślnie.
[05.11.2022, 20:30:14:795 CET] 00000026 com.ibm.ws.app.manager.AppMessageHelper                      I CWWKZ0018I: Uruchamianie aplikacji Pokedex-1.0.
[05.11.2022, 20:30:14:795 CET] 00000026 bm.ws.app.manager.war.internal.WARDeployedAppInfoFactoryImpl I CWWKZ0134I: Aplikacja Pokedex-1.0 używa luźnej definicji aplikacji w położeniu /Users/jakubsachajko/Desktop/jakarta_ee_project/lab_0/target/liberty/wlp/usr/servers/defaultServer/dropins/Pokedex-1.0.war.xml.
[05.11.2022, 20:30:14:994 CET] 00000028 com.ibm.ws.webcontainer.osgi.mbeans.PluginGenerator          I SRVE9103I: Automatycznie wygenerowano plik konfiguracyjny wtyczki serwera WWW dla tego serwera w katalogu /Users/jakubsachajko/Desktop/jakarta_ee_project/lab_0/target/liberty/wlp/usr/servers/defaultServer/logs/state/plugin-cfg.xml.
[05.11.2022, 20:30:15:061 CET] 00000026 org.jboss.weld.Event                                         I WELD-000411: Observer method [BackedAnnotatedMethod] org.apache.myfaces.cdi.JsfArtifactProducerExtension.processAnnotatedType(@Observes ProcessAnnotatedType<T>, BeanManager) receives events for all annotated types. Consider restricting events using @WithAnnotations or a generic type with bounds.
[05.11.2022, 20:30:15:081 CET] 00000026 org.jboss.weld.Event                                         I WELD-000411: Observer method [BackedAnnotatedMethod] org.apache.myfaces.config.annotation.CdiAnnotationProviderExtension.processAnnotatedType(@Observes ProcessAnnotatedType<T>) receives events for all annotated types. Consider restricting events using @WithAnnotations or a generic type with bounds.
[05.11.2022, 20:30:15:173 CET] 00000026 com.ibm.ws.webcontainer.osgi.webapp.WebGroup                 I SRVE0169I: Ładowanie modułu WWW: Pokedex-1.0.
[05.11.2022, 20:30:15:174 CET] 00000026 com.ibm.ws.webcontainer                                      I SRVE0250I: Moduł WWW Pokedex-1.0 został powiązany z hostem wirtualnym default_host.
[05.11.2022, 20:30:15:174 CET] 00000026 com.ibm.ws.http.internal.VirtualHostImpl                     A CWWKT0016I: Dostępna aplikacja WWW (default_host): http://localhost:9080/pokedex/
[05.11.2022, 20:30:15:175 CET] 00000031 com.ibm.ws.session.WASSessionCore                            I SESN0176I: W odniesieniu do klucza aplikacji default_host/pokedex zostanie utworzony nowy kontekst sesji.
[05.11.2022, 20:30:15:175 CET] 00000031 com.ibm.ws.util                                              I SESN0172I: Menedżer sesji korzysta przy generowaniu identyfikatora sesji z domyślnej implementacji klasy SecureRandom języka Java.
[05.11.2022, 20:30:15:209 CET] 00000026 com.ibm.ws.webcontainer.osgi.mbeans.PluginGenerator          I SRVE9103I: Automatycznie wygenerowano plik konfiguracyjny wtyczki serwera WWW dla tego serwera w katalogu /Users/jakubsachajko/Desktop/jakarta_ee_project/lab_0/target/liberty/wlp/usr/servers/defaultServer/logs/state/plugin-cfg.xml.
[05.11.2022, 20:30:15:212 CET] 00000031 org.apache.myfaces.ee.MyFacesContainerInitializer            I Using org.apache.myfaces.ee.MyFacesContainerInitializer
[05.11.2022, 20:30:15:223 CET] 00000031 com.ibm.ws.webcontainer.webapp                               E SRVE0293E: [Błąd serwletu]-[Failed to load listener: configuration.CreateServices]: java.lang.ClassNotFoundException: configuration.CreateServices
	at com.ibm.ws.classloading.internal.UnifiedClassLoader.findClass(UnifiedClassLoader.java:165)
	at com.ibm.ws.classloading.internal.ThreadContextClassLoader.findClass(ThreadContextClassLoader.java:143)
	at com.ibm.ws.classloading.internal.UnifiedClassLoader.loadClass0(UnifiedClassLoader.java:139)
	at com.ibm.ws.classloading.internal.UnifiedClassLoader$Delegation.loadClass(UnifiedClassLoader.java:85)
	at com.ibm.ws.classloading.internal.UnifiedClassLoader.loadClass(UnifiedClassLoader.java:104)
	at java.base/java.lang.ClassLoader.loadClass(ClassLoader.java:522)
	at com.ibm.ws.webcontainer.osgi.webapp.WebApp.loadListener(WebApp.java:813)
	at com.ibm.ws.webcontainer.webapp.WebApp.loadLifecycleListeners(WebApp.java:2292)
	at com.ibm.ws.webcontainer.webapp.WebApp.initialize(WebApp.java:1036)
	at com.ibm.ws.webcontainer.webapp.WebApp.initialize(WebApp.java:6684)
	at com.ibm.ws.webcontainer.osgi.DynamicVirtualHost.startWebApp(DynamicVirtualHost.java:472)
	at com.ibm.ws.webcontainer.osgi.DynamicVirtualHost.startWebApplication(DynamicVirtualHost.java:467)
	at com.ibm.ws.webcontainer.osgi.WebContainer.startWebApplication(WebContainer.java:1188)
	at com.ibm.ws.webcontainer.osgi.WebContainer.access$100(WebContainer.java:111)
	at com.ibm.ws.webcontainer.osgi.WebContainer$3.run(WebContainer.java:985)
	at com.ibm.ws.threading.internal.ExecutorServiceImpl$RunnableWrapper.run(ExecutorServiceImpl.java:245)
	at java.base/java.util.concurrent.Executors$RunnableAdapter.call(Executors.java:515)
	at java.base/java.util.concurrent.FutureTask.run(FutureTask.java:264)
	at java.base/java.util.concurrent.ThreadPoolExecutor.runWorker(ThreadPoolExecutor.java:1130)
	at java.base/java.util.concurrent.ThreadPoolExecutor$Worker.run(ThreadPoolExecutor.java:630)
	at java.base/java.lang.Thread.run(Thread.java:832)

[05.11.2022, 20:30:15:251 CET] 00000031 SystemOut                                                    O Pokemon(super=classes.Pokemon@381ef28a, name=Charizard, specialAbility=SMASH, power=2137.0, rarity=epic, type=Type(super=classes.Type@f9de71e3, typeName=Ogien, multiplier=48.0, combatList=weak, pokemons=[]))
[05.11.2022, 20:30:15:258 CET] 00000031 SystemOut                                                    O Pokemon(super=classes.Pokemon@84d6cda2, name=pikachu, specialAbility=electrocute, power=650.0, rarity=legendary, type=Type(super=classes.Type@31fd648b, typeName=Ogien, multiplier=48.0, combatList=weak, pokemons=[Pokemon(super=classes.Pokemon@381ef28a, name=Charizard, specialAbility=SMASH, power=2137.0, rarity=epic, type=Type(super=classes.Type@f9de71e3, typeName=Ogien, multiplier=48.0, combatList=weak, pokemons=[]))]))
[05.11.2022, 20:30:15:273 CET] 00000031 SystemOut                                                    O Pokemon(super=classes.Pokemon@2d466f4a, name=squirtle, specialAbility=water_punch, power=220.0, rarity=common, type=Type(super=classes.Type@ca0de272, typeName=Ziemia, multiplier=23.0, combatList=neutral, pokemons=[]))
[05.11.2022, 20:30:15:280 CET] 00000031 SystemOut                                                    O Pokemon(super=classes.Pokemon@792cdecf, name=turtwig, specialAbility=ground_hog, power=120.0, rarity=uncommon, type=Type(super=classes.Type@a88cd0bd, typeName=Woda, multiplier=34.5, combatList=strong, pokemons=[]))
[05.11.2022, 20:30:15:292 CET] 00000031 com.ibm.ws.app.manager.AppMessageHelper                      A CWWKZ0003I: Aplikacja Pokedex-1.0 została zaktualizowana w ciągu 0,496 sek.
[05.11.2022, 20:30:24:355 CET] 00000025 .apache.cxf.cxf.core.3.2:1.0.70.cl221120221010-1540(id=317)] I Setting the server's publish address to be /api/
[05.11.2022, 20:30:24:410 CET] 00000025 com.ibm.ws.webcontainer.servlet                              I SRVE0242I: [Pokedex-1.0] [/pokedex] [Controller.Config]: inicjowanie powiodło się.
[05.11.2022, 20:30:24:442 CET] 00000025 SystemOut                                                    O Optional[Type(super=classes.Type@4a74a1fb, typeName=Ogien, multiplier=48.0, combatList=weak, pokemons=[Pokemon(super=classes.Pokemon@381ef28a, name=Charizard, specialAbility=SMASH, power=2137.0, rarity=epic, type=Type(super=classes.Type@f9de71e3, typeName=Ogien, multiplier=48.0, combatList=weak, pokemons=[])), Pokemon(super=classes.Pokemon@84d6cda2, name=pikachu, specialAbility=electrocute, power=650.0, rarity=legendary, type=Type(super=classes.Type@31fd648b, typeName=Ogien, multiplier=48.0, combatList=weak, pokemons=[Pokemon(super=classes.Pokemon@381ef28a, name=Charizard, specialAbility=SMASH, power=2137.0, rarity=epic, type=Type(super=classes.Type@f9de71e3, typeName=Ogien, multiplier=48.0, combatList=weak, pokemons=[]))]))])]
[05.11.2022, 20:30:26:585 CET] 0000002e SystemOut                                                    O Optional[Type(super=classes.Type@21b9afaa, typeName=Woda, multiplier=34.5, combatList=strong, pokemons=[Pokemon(super=classes.Pokemon@792cdecf, name=turtwig, specialAbility=ground_hog, power=120.0, rarity=uncommon, type=Type(super=classes.Type@a88cd0bd, typeName=Woda, multiplier=34.5, combatList=strong, pokemons=[]))])]
[05.11.2022, 20:30:28:335 CET] 00000030 SystemOut                                                    O Optional[Type(super=classes.Type@f75451da, typeName=Ziemia, multiplier=23.0, combatList=neutral, pokemons=[Pokemon(super=classes.Pokemon@2d466f4a, name=squirtle, specialAbility=water_punch, power=220.0, rarity=common, type=Type(super=classes.Type@ca0de272, typeName=Ziemia, multiplier=23.0, combatList=neutral, pokemons=[]))])]
[05.11.2022, 20:30:36:110 CET] 00000028 SystemOut                                                    O Pokemon(super=classes.Pokemon@1de873d1, name=nowyPokemon2, specialAbility=zabawa2, power=12.22, rarity=legendary, type=Type(super=classes.Type@21b9afaa, typeName=Woda, multiplier=34.5, combatList=strong, pokemons=[Pokemon(super=classes.Pokemon@792cdecf, name=turtwig, specialAbility=ground_hog, power=120.0, rarity=uncommon, type=Type(super=classes.Type@a88cd0bd, typeName=Woda, multiplier=34.5, combatList=strong, pokemons=[]))]))
[05.11.2022, 20:30:37:625 CET] 00000025 SystemOut                                                    O Optional[Type(super=classes.Type@72e4435f, typeName=Woda, multiplier=34.5, combatList=strong, pokemons=[Pokemon(super=classes.Pokemon@792cdecf, name=turtwig, specialAbility=ground_hog, power=120.0, rarity=uncommon, type=Type(super=classes.Type@a88cd0bd, typeName=Woda, multiplier=34.5, combatList=strong, pokemons=[])), Pokemon(super=classes.Pokemon@1de873d1, name=nowyPokemon2, specialAbility=zabawa2, power=12.22, rarity=legendary, type=Type(super=classes.Type@21b9afaa, typeName=Woda, multiplier=34.5, combatList=strong, pokemons=[Pokemon(super=classes.Pokemon@792cdecf, name=turtwig, specialAbility=ground_hog, power=120.0, rarity=uncommon, type=Type(super=classes.Type@a88cd0bd, typeName=Woda, multiplier=34.5, combatList=strong, pokemons=[]))]))])]
[05.11.2022, 20:30:37:639 CET] 00000025 SystemOut                                                    O Optional[Pokemon(super=classes.Pokemon@6f130786, name=nowyPokemon2, specialAbility=zabawa2, power=12.22, rarity=legendary, type=Type(super=classes.Type@72e4435f, typeName=Woda, multiplier=34.5, combatList=strong, pokemons=[Pokemon(super=classes.Pokemon@792cdecf, name=turtwig, specialAbility=ground_hog, power=120.0, rarity=uncommon, type=Type(super=classes.Type@a88cd0bd, typeName=Woda, multiplier=34.5, combatList=strong, pokemons=[])), Pokemon(super=classes.Pokemon@1de873d1, name=nowyPokemon2, specialAbility=zabawa2, power=12.22, rarity=legendary, type=Type(super=classes.Type@21b9afaa, typeName=Woda, multiplier=34.5, combatList=strong, pokemons=[Pokemon(super=classes.Pokemon@792cdecf, name=turtwig, specialAbility=ground_hog, power=120.0, rarity=uncommon, type=Type(super=classes.Type@a88cd0bd, typeName=Woda, multiplier=34.5, combatList=strong, pokemons=[]))]))]))]
[05.11.2022, 20:30:42:389 CET] 00000026 SystemOut                                                    O Optional[Type(super=classes.Type@72e4435f, typeName=Woda, multiplier=34.5, combatList=strong, pokemons=[Pokemon(super=classes.Pokemon@792cdecf, name=turtwig, specialAbility=ground_hog, power=120.0, rarity=uncommon, type=Type(super=classes.Type@a88cd0bd, typeName=Woda, multiplier=34.5, combatList=strong, pokemons=[])), Pokemon(super=classes.Pokemon@1de873d1, name=nowyPokemon2, specialAbility=zabawa2, power=12.22, rarity=legendary, type=Type(super=classes.Type@21b9afaa, typeName=Woda, multiplier=34.5, combatList=strong, pokemons=[Pokemon(super=classes.Pokemon@792cdecf, name=turtwig, specialAbility=ground_hog, power=120.0, rarity=uncommon, type=Type(super=classes.Type@a88cd0bd, typeName=Woda, multiplier=34.5, combatList=strong, pokemons=[]))]))])]
[05.11.2022, 20:30:42:405 CET] 00000026 SystemOut                                                    O Optional[Pokemon(super=classes.Pokemon@f91232b2, name=nowyPokemon2, specialAbility=zmianaUmiejetnosci, power=20.99, rarity=epic, type=Type(super=classes.Type@72e4435f, typeName=Woda, multiplier=34.5, combatList=strong, pokemons=[Pokemon(super=classes.Pokemon@792cdecf, name=turtwig, specialAbility=ground_hog, power=120.0, rarity=uncommon, type=Type(super=classes.Type@a88cd0bd, typeName=Woda, multiplier=34.5, combatList=strong, pokemons=[])), Pokemon(super=classes.Pokemon@1de873d1, name=nowyPokemon2, specialAbility=zabawa2, power=12.22, rarity=legendary, type=Type(super=classes.Type@21b9afaa, typeName=Woda, multiplier=34.5, combatList=strong, pokemons=[Pokemon(super=classes.Pokemon@792cdecf, name=turtwig, specialAbility=ground_hog, power=120.0, rarity=uncommon, type=Type(super=classes.Type@a88cd0bd, typeName=Woda, multiplier=34.5, combatList=strong, pokemons=[]))]))]))]
[05.11.2022, 20:30:49:969 CET] 0000002f SystemOut                                                    O Optional[Type(super=classes.Type@72e4435f, typeName=Woda, multiplier=34.5, combatList=strong, pokemons=[Pokemon(super=classes.Pokemon@792cdecf, name=turtwig, specialAbility=ground_hog, power=120.0, rarity=uncommon, type=Type(super=classes.Type@a88cd0bd, typeName=Woda, multiplier=34.5, combatList=strong, pokemons=[])), Pokemon(super=classes.Pokemon@1de873d1, name=nowyPokemon2, specialAbility=zabawa2, power=12.22, rarity=legendary, type=Type(super=classes.Type@21b9afaa, typeName=Woda, multiplier=34.5, combatList=strong, pokemons=[Pokemon(super=classes.Pokemon@792cdecf, name=turtwig, specialAbility=ground_hog, power=120.0, rarity=uncommon, type=Type(super=classes.Type@a88cd0bd, typeName=Woda, multiplier=34.5, combatList=strong, pokemons=[]))]))])]
[05.11.2022, 20:30:53:349 CET] 00000029 SystemOut                                                    O Optional[Type(super=classes.Type@4a74a1fb, typeName=Ogien, multiplier=48.0, combatList=weak, pokemons=[Pokemon(super=classes.Pokemon@381ef28a, name=Charizard, specialAbility=SMASH, power=2137.0, rarity=epic, type=Type(super=classes.Type@f9de71e3, typeName=Ogien, multiplier=48.0, combatList=weak, pokemons=[])), Pokemon(super=classes.Pokemon@84d6cda2, name=pikachu, specialAbility=electrocute, power=650.0, rarity=legendary, type=Type(super=classes.Type@31fd648b, typeName=Ogien, multiplier=48.0, combatList=weak, pokemons=[Pokemon(super=classes.Pokemon@381ef28a, name=Charizard, specialAbility=SMASH, power=2137.0, rarity=epic, type=Type(super=classes.Type@f9de71e3, typeName=Ogien, multiplier=48.0, combatList=weak, pokemons=[]))]))])]
[05.11.2022, 20:30:54:993 CET] 00000030 SystemOut                                                    O Optional[Type(super=classes.Type@f75451da, typeName=Ziemia, multiplier=23.0, combatList=neutral, pokemons=[Pokemon(super=classes.Pokemon@2d466f4a, name=squirtle, specialAbility=water_punch, power=220.0, rarity=common, type=Type(super=classes.Type@ca0de272, typeName=Ziemia, multiplier=23.0, combatList=neutral, pokemons=[]))])]
[05.11.2022, 20:31:47:932 CET] 00000014 com.ibm.ws.kernel.launch.internal.FrameworkManager           A CWWKE0085I: Serwer defaultServer jest zatrzymywany, ponieważ kończone jest działanie maszyny JVM.
[05.11.2022, 20:31:47:955 CET] 00000042 com.ibm.ws.runtime.update.internal.RuntimeUpdateManagerImpl  A CWWKE1100I: Oczekiwanie co najwyżej przez 30 s na wyciszenie serwera.
[05.11.2022, 20:31:47:974 CET] 0000003a com.ibm.ws.tcpchannel.internal.TCPChannel                    I CWWKO0220I: Dla kanału TCP defaultHttpEndpoint zatrzymano nasłuchiwanie żądań na hoście localhost  (IPv4: 127.0.0.1) (port 9080).
[05.11.2022, 20:31:47:975 CET] 0000003a com.ibm.ws.http.internal.VirtualHostImpl                     A CWWKT0017I: Usunięta aplikacja WWW (default_host): http://localhost:9080/pokedex/
[05.11.2022, 20:31:48:161 CET] 00000015 com.ibm.ws.kernel.launch.internal.ServerCommandListener      A CWWKE0055I: Zażądano zamknięcia serwera w dniu sobota, 5 listopada 2022 o godzinie 20:31. Serwer defaultServer jest wyłączany.
[05.11.2022, 20:31:48:980 CET] 00000042 com.ibm.ws.runtime.update.internal.RuntimeUpdateManagerImpl  I CWWKE1101I: Zakończono wyciszanie serwera.
[05.11.2022, 20:31:49:052 CET] 0000003b com.ibm.ws.app.manager.AppMessageHelper                      A CWWKZ0009I: Aplikacja Pokedex-1.0 została zatrzymana pomyślnie.
[05.11.2022, 20:31:49:945 CET] 00000001 com.ibm.ws.kernel.launch.internal.FrameworkManager           A CWWKE0036I: Serwer defaultServer został zatrzymany po 1 min., 44,595 sek..
